<?xml version="1.0" encoding="utf-8"?>
<CoverageSession xmlns:xsd="http://www.w3.org/2001/XMLSchema" xmlns:xsi="http://www.w3.org/2001/XMLSchema-instance">
  <Summary numSequencePoints="388" visitedSequencePoints="143" numBranchPoints="205" visitedBranchPoints="39" sequenceCoverage="36.86" branchCoverage="19.02" maxCyclomaticComplexity="46" minCyclomaticComplexity="1" visitedClasses="10" numClasses="20" visitedMethods="31" numMethods="79" />
  <Modules>
    <Module skippedDueTo="Filter" hash="D9-A4-43-79-FA-F4-2A-B0-31-3A-20-A1-03-C5-E0-42-94-AB-99-28">
      <ModulePath>C:\WINDOWS\Microsoft.Net\assembly\GAC_64\mscorlib\v4.0_4.0.0.0__b77a5c561934e089\mscorlib.dll</ModulePath>
      <ModuleTime>2018-02-09T03:35:01.1681381Z</ModuleTime>
      <ModuleName>mscorlib</ModuleName>
      <Classes />
    </Module>
    <Module skippedDueTo="Filter" hash="86-E9-3D-3D-7C-09-09-11-61-67-42-C6-1E-4B-75-FF-C4-1C-03-96">
      <ModulePath>C:\Projects\Parallel.Test.Framework\packages\NUnit.ConsoleRunner.3.8.0\tools\nunit3-console.exe</ModulePath>
      <ModuleTime>2018-01-26T22:27:14Z</ModuleTime>
      <ModuleName>nunit3-console</ModuleName>
      <Classes />
    </Module>
    <Module skippedDueTo="Filter" hash="CB-7B-C7-A0-09-0F-BA-F4-8A-02-A9-E9-2A-7B-43-34-93-46-0F-58">
      <ModulePath>C:\WINDOWS\Microsoft.Net\assembly\GAC_MSIL\System\v4.0_4.0.0.0__b77a5c561934e089\System.dll</ModulePath>
      <ModuleTime>2017-09-29T13:43:06.7717063Z</ModuleTime>
      <ModuleName>System</ModuleName>
      <Classes />
    </Module>
    <Module skippedDueTo="Filter" hash="C1-08-CD-F2-59-9C-E6-0B-62-F9-09-43-74-9F-8D-57-9D-A9-93-31">
      <ModulePath>C:\projects\Parallel.Test.Framework\packages\NUnit.ConsoleRunner.3.8.0\tools\nunit.engine.api.dll</ModulePath>
      <ModuleTime>2018-01-26T22:27:14Z</ModuleTime>
      <ModuleName>nunit.engine.api</ModuleName>
      <Classes />
    </Module>
    <Module skippedDueTo="Filter" hash="95-2A-FF-98-B6-82-8F-7C-F0-AC-3D-56-5A-54-93-7D-3B-32-4F-7B">
      <ModulePath>C:\projects\Parallel.Test.Framework\packages\NUnit.ConsoleRunner.3.8.0\tools\nunit.engine.dll</ModulePath>
      <ModuleTime>2018-01-26T22:27:14Z</ModuleTime>
      <ModuleName>nunit.engine</ModuleName>
      <Classes />
    </Module>
    <Module skippedDueTo="Filter" hash="95-2A-FF-98-B6-82-8F-7C-F0-AC-3D-56-5A-54-93-7D-3B-32-4F-7B">
      <ModulePath>C:\projects\Parallel.Test.Framework\packages\NUnit.ConsoleRunner.3.8.0\tools\nunit.engine.dll</ModulePath>
      <ModuleTime>2018-01-26T22:27:14Z</ModuleTime>
      <ModuleName>nunit.engine</ModuleName>
      <Classes />
    </Module>
    <Module skippedDueTo="Filter" hash="58-2A-4C-0C-25-69-3C-E5-E8-8F-0E-35-DB-19-D0-78-0E-D1-10-FA">
      <ModulePath>C:\WINDOWS\Microsoft.Net\assembly\GAC_MSIL\System.Xml\v4.0_4.0.0.0__b77a5c561934e089\System.Xml.dll</ModulePath>
      <ModuleTime>2017-12-22T03:10:39.7166266Z</ModuleTime>
      <ModuleName>System.Xml</ModuleName>
      <Classes />
    </Module>
    <Module skippedDueTo="Filter" hash="DC-F8-A3-B5-3C-D2-A2-92-BD-DE-4F-B9-C1-C6-59-24-2B-D3-FE-39">
      <ModulePath>C:\WINDOWS\Microsoft.Net\assembly\GAC_64\System.Web\v4.0_4.0.0.0__b03f5f7f11d50a3a\System.Web.dll</ModulePath>
      <ModuleTime>2018-02-09T03:34:33.7286998Z</ModuleTime>
      <ModuleName>System.Web</ModuleName>
      <Classes />
    </Module>
    <Module skippedDueTo="Filter" hash="95-C2-7F-29-1B-5E-88-C5-62-B1-37-09-E1-F0-97-D4-51-18-8D-2E">
      <ModulePath>C:\WINDOWS\Microsoft.Net\assembly\GAC_MSIL\System.Runtime.Remoting\v4.0_4.0.0.0__b77a5c561934e089\System.Runtime.Remoting.dll</ModulePath>
      <ModuleTime>2017-09-29T13:43:06.6935754Z</ModuleTime>
      <ModuleName>System.Runtime.Remoting</ModuleName>
      <Classes />
    </Module>
    <Module skippedDueTo="Filter" hash="62-13-DF-BA-4D-76-38-3A-FE-E9-5E-D8-6C-07-CC-1D-A2-DE-73-52">
      <ModulePath>C:\WINDOWS\Microsoft.Net\assembly\GAC_MSIL\System.Configuration\v4.0_4.0.0.0__b03f5f7f11d50a3a\System.Configuration.dll</ModulePath>
      <ModuleTime>2017-09-29T13:43:06.6154445Z</ModuleTime>
      <ModuleName>System.Configuration</ModuleName>
      <Classes />
    </Module>
    <Module skippedDueTo="Filter" hash="8A-2E-8F-D6-9D-39-02-4A-2F-30-FC-06-42-F7-0F-A8-32-69-07-72">
      <ModulePath>C:\projects\Parallel.Test.Framework\packages\NUnit.ConsoleRunner.3.8.0\tools\Mono.Cecil.dll</ModulePath>
      <ModuleTime>2018-01-26T22:27:14Z</ModuleTime>
      <ModuleName>Mono.Cecil</ModuleName>
      <Classes />
    </Module>
    <Module skippedDueTo="Filter" hash="D9-A4-43-79-FA-F4-2A-B0-31-3A-20-A1-03-C5-E0-42-94-AB-99-28">
      <ModulePath>C:\WINDOWS\Microsoft.Net\assembly\GAC_64\mscorlib\v4.0_4.0.0.0__b77a5c561934e089\mscorlib.dll</ModulePath>
      <ModuleTime>2018-02-09T03:35:01.1681381Z</ModuleTime>
      <ModuleName>mscorlib</ModuleName>
      <Classes />
    </Module>
    <Module skippedDueTo="Filter" hash="23-B3-8E-36-35-0B-BD-20-43-E0-A1-0E-D9-F4-93-5D-15-17-91-15">
      <ModulePath>C:\projects\Parallel.Test.Framework\packages\NUnit.ConsoleRunner.3.8.0\tools\nunit-agent.exe</ModulePath>
      <ModuleTime>2018-01-26T22:27:14Z</ModuleTime>
      <ModuleName>nunit-agent</ModuleName>
      <Classes />
    </Module>
    <Module skippedDueTo="Filter" hash="C1-08-CD-F2-59-9C-E6-0B-62-F9-09-43-74-9F-8D-57-9D-A9-93-31">
      <ModulePath>C:\projects\Parallel.Test.Framework\packages\NUnit.ConsoleRunner.3.8.0\tools\nunit.engine.api.dll</ModulePath>
      <ModuleTime>2018-01-26T22:27:14Z</ModuleTime>
      <ModuleName>nunit.engine.api</ModuleName>
      <Classes />
    </Module>
    <Module skippedDueTo="Filter" hash="95-2A-FF-98-B6-82-8F-7C-F0-AC-3D-56-5A-54-93-7D-3B-32-4F-7B">
      <ModulePath>C:\projects\Parallel.Test.Framework\packages\NUnit.ConsoleRunner.3.8.0\tools\nunit.engine.dll</ModulePath>
      <ModuleTime>2018-01-26T22:27:14Z</ModuleTime>
      <ModuleName>nunit.engine</ModuleName>
      <Classes />
    </Module>
    <Module skippedDueTo="Filter" hash="CB-7B-C7-A0-09-0F-BA-F4-8A-02-A9-E9-2A-7B-43-34-93-46-0F-58">
      <ModulePath>C:\WINDOWS\Microsoft.Net\assembly\GAC_MSIL\System\v4.0_4.0.0.0__b77a5c561934e089\System.dll</ModulePath>
      <ModuleTime>2017-09-29T13:43:06.7717063Z</ModuleTime>
      <ModuleName>System</ModuleName>
      <Classes />
    </Module>
    <Module skippedDueTo="Filter" hash="58-2A-4C-0C-25-69-3C-E5-E8-8F-0E-35-DB-19-D0-78-0E-D1-10-FA">
      <ModulePath>C:\WINDOWS\Microsoft.Net\assembly\GAC_MSIL\System.Xml\v4.0_4.0.0.0__b77a5c561934e089\System.Xml.dll</ModulePath>
      <ModuleTime>2017-12-22T03:10:39.7166266Z</ModuleTime>
      <ModuleName>System.Xml</ModuleName>
      <Classes />
    </Module>
    <Module skippedDueTo="Filter" hash="DC-F8-A3-B5-3C-D2-A2-92-BD-DE-4F-B9-C1-C6-59-24-2B-D3-FE-39">
      <ModulePath>C:\WINDOWS\Microsoft.Net\assembly\GAC_64\System.Web\v4.0_4.0.0.0__b03f5f7f11d50a3a\System.Web.dll</ModulePath>
      <ModuleTime>2018-02-09T03:34:33.7286998Z</ModuleTime>
      <ModuleName>System.Web</ModuleName>
      <Classes />
    </Module>
    <Module skippedDueTo="Filter" hash="95-C2-7F-29-1B-5E-88-C5-62-B1-37-09-E1-F0-97-D4-51-18-8D-2E">
      <ModulePath>C:\WINDOWS\Microsoft.Net\assembly\GAC_MSIL\System.Runtime.Remoting\v4.0_4.0.0.0__b77a5c561934e089\System.Runtime.Remoting.dll</ModulePath>
      <ModuleTime>2017-09-29T13:43:06.6935754Z</ModuleTime>
      <ModuleName>System.Runtime.Remoting</ModuleName>
      <Classes />
    </Module>
    <Module skippedDueTo="Filter" hash="62-13-DF-BA-4D-76-38-3A-FE-E9-5E-D8-6C-07-CC-1D-A2-DE-73-52">
      <ModulePath>C:\WINDOWS\Microsoft.Net\assembly\GAC_MSIL\System.Configuration\v4.0_4.0.0.0__b03f5f7f11d50a3a\System.Configuration.dll</ModulePath>
      <ModuleTime>2017-09-29T13:43:06.6154445Z</ModuleTime>
      <ModuleName>System.Configuration</ModuleName>
      <Classes />
    </Module>
    <Module skippedDueTo="Filter" hash="8A-2E-8F-D6-9D-39-02-4A-2F-30-FC-06-42-F7-0F-A8-32-69-07-72">
      <ModulePath>C:\projects\Parallel.Test.Framework\packages\NUnit.ConsoleRunner.3.8.0\tools\Mono.Cecil.dll</ModulePath>
      <ModuleTime>2018-01-26T22:27:14Z</ModuleTime>
      <ModuleName>Mono.Cecil</ModuleName>
      <Classes />
    </Module>
    <Module skippedDueTo="Filter" hash="AF-00-89-8E-23-29-6C-3D-DA-76-42-D2-8F-D5-0D-78-C7-55-E7-F5">
      <ModulePath>c:\Projects\Parallel.Test.Framework\Parallel.Test.FrameworkTests\bin\Release\nunit.framework.dll</ModulePath>
      <ModuleTime>2018-03-12T09:58:16Z</ModuleTime>
      <ModuleName>nunit.framework</ModuleName>
      <Classes />
    </Module>
    <Module skippedDueTo="Filter" hash="CB-7B-C7-A0-09-0F-BA-F4-8A-02-A9-E9-2A-7B-43-34-93-46-0F-58">
      <ModulePath>C:\WINDOWS\Microsoft.Net\assembly\GAC_MSIL\System\v4.0_4.0.0.0__b77a5c561934e089\System.dll</ModulePath>
      <ModuleTime>2017-09-29T13:43:06.7717063Z</ModuleTime>
      <ModuleName>System</ModuleName>
      <Classes />
    </Module>
    <Module skippedDueTo="Filter" hash="00-E4-8B-23-28-1E-7A-F6-0F-D2-F5-0F-0B-97-50-BC-55-63-B2-9D">
      <ModulePath>C:\WINDOWS\Microsoft.Net\assembly\GAC_MSIL\System.Core\v4.0_4.0.0.0__b77a5c561934e089\System.Core.dll</ModulePath>
      <ModuleTime>2018-02-02T03:36:02.9502864Z</ModuleTime>
      <ModuleName>System.Core</ModuleName>
      <Classes />
    </Module>
    <Module skippedDueTo="Filter" hash="DC-F8-A3-B5-3C-D2-A2-92-BD-DE-4F-B9-C1-C6-59-24-2B-D3-FE-39">
      <ModulePath>C:\WINDOWS\Microsoft.Net\assembly\GAC_64\System.Web\v4.0_4.0.0.0__b03f5f7f11d50a3a\System.Web.dll</ModulePath>
      <ModuleTime>2018-02-09T03:34:33.7286998Z</ModuleTime>
      <ModuleName>System.Web</ModuleName>
      <Classes />
    </Module>
    <Module skippedDueTo="Filter" hash="DA-66-BC-A8-D5-59-F4-CA-80-1E-84-6D-FA-EE-D8-D4-FA-7E-32-9E">
      <ModulePath>c:\Projects\Parallel.Test.Framework\Parallel.Test.FrameworkTests\bin\Release\Parallel.Test.FrameworkTests.dll</ModulePath>
      <ModuleTime>2018-04-12T22:33:50.311649Z</ModuleTime>
      <ModuleName>Parallel.Test.FrameworkTests</ModuleName>
      <Classes />
    </Module>
    <Module hash="01-86-C4-FB-55-B0-26-24-02-60-53-1F-44-D9-49-22-BC-C8-63-19">
      <Summary numSequencePoints="388" visitedSequencePoints="143" numBranchPoints="205" visitedBranchPoints="39" sequenceCoverage="36.86" branchCoverage="19.02" maxCyclomaticComplexity="46" minCyclomaticComplexity="1" visitedClasses="10" numClasses="20" visitedMethods="31" numMethods="79" />
      <ModulePath>c:\Projects\Parallel.Test.Framework\Parallel.Test.FrameworkTests\bin\Release\Parallel.Test.Framework.dll</ModulePath>
      <ModuleTime>2018-04-12T19:50:45.1309825Z</ModuleTime>
      <ModuleName>Parallel.Test.Framework</ModuleName>
      <Files>
        <File uid="1" fullPath="D:\Projects\Parallel.Test.Framework\Parallel.Test.Framework\Lib\Selenium\WebElementExtensions.cs" />
        <File uid="2" fullPath="D:\Projects\Parallel.Test.Framework\Parallel.Test.Framework\Lib\Nunit\AssertionHelpers.cs" />
        <File uid="3" fullPath="D:\Projects\Parallel.Test.Framework\Parallel.Test.Framework\Lib\Json\LoadJsonLib.cs" />
        <File uid="4" fullPath="D:\Projects\Parallel.Test.Framework\Parallel.Test.Framework\Lib\DataBase\DbBase.cs" />
        <File uid="5" fullPath="D:\Projects\Parallel.Test.Framework\Parallel.Test.Framework\Lib\DataBase\DBExecute.cs" />
        <File uid="7" fullPath="D:\Projects\Parallel.Test.Framework\Parallel.Test.Framework\Lib\DotNet\CustomStringLib.cs" />
        <File uid="8" fullPath="D:\Projects\Parallel.Test.Framework\Parallel.Test.Framework\Lib\DotNet\DataHelpers.cs" />
        <File uid="10" fullPath="D:\Projects\Parallel.Test.Framework\Parallel.Test.Framework\Lib\DotNet\DotNetLib.cs" />
        <File uid="11" fullPath="D:\Projects\Parallel.Test.Framework\Parallel.Test.Framework\Constants\ResourceConstants.Designer.cs" />
        <File uid="12" fullPath="D:\Projects\Parallel.Test.Framework\Parallel.Test.Framework\Base\Base.cs" />
        <File uid="13" fullPath="D:\Projects\Parallel.Test.Framework\Parallel.Test.Framework\Base\BeforeEachTestCase.cs" />
        <File uid="14" fullPath="D:\Projects\Parallel.Test.Framework\Parallel.Test.Framework\Base\Environment\Browser\Browser.cs" />
        <File uid="15" fullPath="D:\Projects\Parallel.Test.Framework\Parallel.Test.Framework\Base\TestSettings\Assembly.cs" />
        <File uid="16" fullPath="D:\Projects\Parallel.Test.Framework\Parallel.Test.Framework\Base\TestSettings\ConfigsBeforeEachTestSuite.cs" />
        <File uid="17" fullPath="D:\Projects\Parallel.Test.Framework\Parallel.Test.Framework\Base\Reports\ExtentManager.cs" />
        <File uid="19" fullPath="D:\Projects\Parallel.Test.Framework\Parallel.Test.Framework\Base\Reports\ExtentTestManager.cs" />
        <File uid="20" fullPath="D:\Projects\Parallel.Test.Framework\Parallel.Test.Framework\Base\Reports\Report.cs" />
      </Files>
      <Classes>
        <Class>
          <Summary numSequencePoints="0" visitedSequencePoints="0" numBranchPoints="0" visitedBranchPoints="0" sequenceCoverage="0" branchCoverage="0" maxCyclomaticComplexity="0" minCyclomaticComplexity="0" visitedClasses="0" numClasses="0" visitedMethods="0" numMethods="0" />
          <FullName>&lt;Module&gt;</FullName>
          <Methods />
        </Class>
        <Class>
          <Summary numSequencePoints="42" visitedSequencePoints="0" numBranchPoints="6" visitedBranchPoints="0" sequenceCoverage="0" branchCoverage="0" maxCyclomaticComplexity="1" minCyclomaticComplexity="1" visitedClasses="0" numClasses="1" visitedMethods="0" numMethods="6" />
          <FullName>Parallel.Test.Framework.Lib.Selenium.WebElementExtensions</FullName>
          <Methods>
            <Method visited="false" cyclomaticComplexity="1" nPathComplexity="0" sequenceCoverage="0" branchCoverage="0" isConstructor="false" isStatic="false" isGetter="false" isSetter="false">
              <Summary numSequencePoints="7" visitedSequencePoints="0" numBranchPoints="1" visitedBranchPoints="0" sequenceCoverage="0" branchCoverage="0" maxCyclomaticComplexity="1" minCyclomaticComplexity="1" visitedClasses="0" numClasses="0" visitedMethods="0" numMethods="1" />
              <MetadataToken>100663297</MetadataToken>
              <Name>OpenQA.Selenium.IWebElement Parallel.Test.Framework.Lib.Selenium.WebElementExtensions::WaitForElement(OpenQA.Selenium.IWebDriver,OpenQA.Selenium.IWebElement,System.TimeSpan)</Name>
              <FileRef uid="1" />
              <SequencePoints>
                <SequencePoint vc="0" uspid="1" ordinal="0" offset="0" sl="13" sc="17" el="13" ec="64" bec="0" bev="0" fileid="1" />
                <SequencePoint vc="0" uspid="2" ordinal="1" offset="7" sl="14" sc="17" el="14" ec="85" bec="0" bev="0" fileid="1" />
                <SequencePoint vc="0" uspid="3" ordinal="2" offset="21" sl="16" sc="13" el="16" ec="32" bec="0" bev="0" fileid="1" />
                <SequencePoint vc="0" uspid="4" ordinal="3" offset="22" sl="17" sc="17" el="17" ec="111" bec="0" bev="0" fileid="1" />
                <SequencePoint vc="0" uspid="5" ordinal="4" offset="51" sl="18" sc="13" el="18" ec="14" bec="0" bev="0" fileid="1" />
                <SequencePoint vc="0" uspid="6" ordinal="5" offset="53" sl="20" sc="13" el="20" ec="28" bec="0" bev="0" fileid="1" />
                <SequencePoint vc="0" uspid="7" ordinal="6" offset="55" sl="21" sc="9" el="21" ec="10" bec="0" bev="0" fileid="1" />
              </SequencePoints>
              <BranchPoints />
              <MethodPoint xsi:type="SequencePoint" vc="0" uspid="1" ordinal="0" offset="0" sl="13" sc="17" el="13" ec="64" bec="0" bev="0" fileid="1" />
            </Method>
            <Method visited="false" cyclomaticComplexity="1" nPathComplexity="0" sequenceCoverage="0" branchCoverage="0" isConstructor="false" isStatic="false" isGetter="false" isSetter="false">
              <Summary numSequencePoints="8" visitedSequencePoints="0" numBranchPoints="1" visitedBranchPoints="0" sequenceCoverage="0" branchCoverage="0" maxCyclomaticComplexity="1" minCyclomaticComplexity="1" visitedClasses="0" numClasses="0" visitedMethods="0" numMethods="1" />
              <MetadataToken>100663298</MetadataToken>
              <Name>System.Void Parallel.Test.Framework.Lib.Selenium.WebElementExtensions::SendKeys(OpenQA.Selenium.IWebElement,System.String,System.String)</Name>
              <FileRef uid="1" />
              <SequencePoints>
                <SequencePoint vc="0" uspid="8" ordinal="0" offset="0" sl="25" sc="17" el="25" ec="33" bec="0" bev="0" fileid="1" />
                <SequencePoint vc="0" uspid="9" ordinal="1" offset="6" sl="26" sc="17" el="26" ec="41" bec="0" bev="0" fileid="1" />
                <SequencePoint vc="0" uspid="10" ordinal="2" offset="13" sl="27" sc="17" el="27" ec="117" bec="0" bev="0" fileid="1" />
                <SequencePoint vc="0" uspid="11" ordinal="3" offset="69" sl="28" sc="13" el="28" ec="14" bec="0" bev="0" fileid="1" />
                <SequencePoint vc="0" uspid="12" ordinal="4" offset="71" sl="29" sc="13" el="29" ec="32" bec="0" bev="0" fileid="1" />
                <SequencePoint vc="0" uspid="13" ordinal="5" offset="72" sl="30" sc="17" el="30" ec="137" bec="0" bev="0" fileid="1" />
                <SequencePoint vc="0" uspid="14" ordinal="6" offset="137" sl="31" sc="13" el="31" ec="14" bec="0" bev="0" fileid="1" />
                <SequencePoint vc="0" uspid="15" ordinal="7" offset="139" sl="32" sc="9" el="32" ec="10" bec="0" bev="0" fileid="1" />
              </SequencePoints>
              <BranchPoints />
              <MethodPoint xsi:type="SequencePoint" vc="0" uspid="8" ordinal="0" offset="0" sl="25" sc="17" el="25" ec="33" bec="0" bev="0" fileid="1" />
            </Method>
            <Method visited="false" cyclomaticComplexity="1" nPathComplexity="0" sequenceCoverage="0" branchCoverage="0" isConstructor="false" isStatic="false" isGetter="false" isSetter="false">
              <Summary numSequencePoints="10" visitedSequencePoints="0" numBranchPoints="1" visitedBranchPoints="0" sequenceCoverage="0" branchCoverage="0" maxCyclomaticComplexity="1" minCyclomaticComplexity="1" visitedClasses="0" numClasses="0" visitedMethods="0" numMethods="1" />
              <MetadataToken>100663299</MetadataToken>
              <Name>System.Void Parallel.Test.Framework.Lib.Selenium.WebElementExtensions::SelectDropDownList(OpenQA.Selenium.IWebElement,System.String,System.String)</Name>
              <FileRef uid="1" />
              <SequencePoints>
                <SequencePoint vc="0" uspid="16" ordinal="0" offset="0" sl="36" sc="17" el="36" ec="54" bec="0" bev="0" fileid="1" />
                <SequencePoint vc="0" uspid="17" ordinal="1" offset="6" sl="37" sc="17" el="37" ec="41" bec="0" bev="0" fileid="1" />
                <SequencePoint vc="0" uspid="18" ordinal="2" offset="14" sl="38" sc="17" el="38" ec="44" bec="0" bev="0" fileid="1" />
                <SequencePoint vc="0" uspid="19" ordinal="3" offset="24" sl="39" sc="17" el="39" ec="140" bec="0" bev="0" fileid="1" />
                <SequencePoint vc="0" uspid="20" ordinal="4" offset="54" sl="40" sc="13" el="40" ec="14" bec="0" bev="0" fileid="1" />
                <SequencePoint vc="0" uspid="21" ordinal="5" offset="56" sl="41" sc="13" el="41" ec="32" bec="0" bev="0" fileid="1" />
                <SequencePoint vc="0" uspid="22" ordinal="6" offset="57" sl="42" sc="17" el="42" ec="179" bec="0" bev="0" fileid="1" />
                <SequencePoint vc="0" uspid="23" ordinal="7" offset="114" sl="43" sc="13" el="43" ec="14" bec="0" bev="0" fileid="1" />
                <SequencePoint vc="0" uspid="24" ordinal="8" offset="116" sl="45" sc="13" el="45" ec="86" bec="0" bev="0" fileid="1" />
                <SequencePoint vc="0" uspid="25" ordinal="9" offset="141" sl="46" sc="9" el="46" ec="10" bec="0" bev="0" fileid="1" />
              </SequencePoints>
              <BranchPoints />
              <MethodPoint xsi:type="SequencePoint" vc="0" uspid="16" ordinal="0" offset="0" sl="36" sc="17" el="36" ec="54" bec="0" bev="0" fileid="1" />
            </Method>
            <Method visited="false" cyclomaticComplexity="1" nPathComplexity="0" sequenceCoverage="0" branchCoverage="0" isConstructor="false" isStatic="false" isGetter="false" isSetter="false">
              <Summary numSequencePoints="7" visitedSequencePoints="0" numBranchPoints="1" visitedBranchPoints="0" sequenceCoverage="0" branchCoverage="0" maxCyclomaticComplexity="1" minCyclomaticComplexity="1" visitedClasses="0" numClasses="0" visitedMethods="0" numMethods="1" />
              <MetadataToken>100663300</MetadataToken>
              <Name>System.Void Parallel.Test.Framework.Lib.Selenium.WebElementExtensions::Click(OpenQA.Selenium.IWebElement,System.String)</Name>
              <FileRef uid="1" />
              <SequencePoints>
                <SequencePoint vc="0" uspid="26" ordinal="0" offset="0" sl="50" sc="17" el="50" ec="33" bec="0" bev="0" fileid="1" />
                <SequencePoint vc="0" uspid="27" ordinal="1" offset="6" sl="51" sc="17" el="51" ec="95" bec="0" bev="0" fileid="1" />
                <SequencePoint vc="0" uspid="28" ordinal="2" offset="35" sl="52" sc="13" el="52" ec="14" bec="0" bev="0" fileid="1" />
                <SequencePoint vc="0" uspid="29" ordinal="3" offset="37" sl="53" sc="13" el="53" ec="32" bec="0" bev="0" fileid="1" />
                <SequencePoint vc="0" uspid="30" ordinal="4" offset="38" sl="54" sc="17" el="54" ec="123" bec="0" bev="0" fileid="1" />
                <SequencePoint vc="0" uspid="31" ordinal="5" offset="73" sl="55" sc="13" el="55" ec="14" bec="0" bev="0" fileid="1" />
                <SequencePoint vc="0" uspid="32" ordinal="6" offset="75" sl="56" sc="9" el="56" ec="10" bec="0" bev="0" fileid="1" />
              </SequencePoints>
              <BranchPoints />
              <MethodPoint xsi:type="SequencePoint" vc="0" uspid="26" ordinal="0" offset="0" sl="50" sc="17" el="50" ec="33" bec="0" bev="0" fileid="1" />
            </Method>
            <Method visited="false" cyclomaticComplexity="1" nPathComplexity="0" sequenceCoverage="0" branchCoverage="0" isConstructor="false" isStatic="false" isGetter="false" isSetter="false">
              <Summary numSequencePoints="8" visitedSequencePoints="0" numBranchPoints="1" visitedBranchPoints="0" sequenceCoverage="0" branchCoverage="0" maxCyclomaticComplexity="1" minCyclomaticComplexity="1" visitedClasses="0" numClasses="0" visitedMethods="0" numMethods="1" />
              <MetadataToken>100663301</MetadataToken>
              <Name>System.String Parallel.Test.Framework.Lib.Selenium.WebElementExtensions::Text(OpenQA.Selenium.IWebElement,System.String)</Name>
              <FileRef uid="1" />
              <SequencePoints>
                <SequencePoint vc="0" uspid="33" ordinal="0" offset="0" sl="59" sc="13" el="59" ec="31" bec="0" bev="0" fileid="1" />
                <SequencePoint vc="0" uspid="34" ordinal="1" offset="2" sl="62" sc="17" el="62" ec="36" bec="0" bev="0" fileid="1" />
                <SequencePoint vc="0" uspid="35" ordinal="2" offset="9" sl="63" sc="17" el="63" ec="104" bec="0" bev="0" fileid="1" />
                <SequencePoint vc="0" uspid="36" ordinal="3" offset="65" sl="64" sc="13" el="64" ec="14" bec="0" bev="0" fileid="1" />
                <SequencePoint vc="0" uspid="37" ordinal="4" offset="67" sl="65" sc="13" el="65" ec="32" bec="0" bev="0" fileid="1" />
                <SequencePoint vc="0" uspid="38" ordinal="5" offset="68" sl="66" sc="17" el="66" ec="139" bec="0" bev="0" fileid="1" />
                <SequencePoint vc="0" uspid="39" ordinal="6" offset="133" sl="67" sc="13" el="67" ec="14" bec="0" bev="0" fileid="1" />
                <SequencePoint vc="0" uspid="40" ordinal="7" offset="135" sl="69" sc="13" el="69" ec="24" bec="0" bev="0" fileid="1" />
              </SequencePoints>
              <BranchPoints />
              <MethodPoint xsi:type="SequencePoint" vc="0" uspid="33" ordinal="0" offset="0" sl="59" sc="13" el="59" ec="31" bec="0" bev="0" fileid="1" />
            </Method>
            <Method visited="false" cyclomaticComplexity="1" nPathComplexity="0" sequenceCoverage="0" branchCoverage="0" isConstructor="false" isStatic="false" isGetter="false" isSetter="false">
              <Summary numSequencePoints="2" visitedSequencePoints="0" numBranchPoints="1" visitedBranchPoints="0" sequenceCoverage="0" branchCoverage="0" maxCyclomaticComplexity="1" minCyclomaticComplexity="1" visitedClasses="0" numClasses="0" visitedMethods="0" numMethods="1" />
              <MetadataToken>100663302</MetadataToken>
              <Name>System.Void Parallel.Test.Framework.Lib.Selenium.WebElementExtensions::ImplicitWait(System.Int32)</Name>
              <FileRef uid="1" />
              <SequencePoints>
                <SequencePoint vc="0" uspid="41" ordinal="0" offset="0" sl="73" sc="13" el="73" ec="35" bec="0" bev="0" fileid="1" />
                <SequencePoint vc="0" uspid="42" ordinal="1" offset="9" sl="74" sc="9" el="74" ec="10" bec="0" bev="0" fileid="1" />
              </SequencePoints>
              <BranchPoints />
              <MethodPoint xsi:type="SequencePoint" vc="0" uspid="41" ordinal="0" offset="0" sl="73" sc="13" el="73" ec="35" bec="0" bev="0" fileid="1" />
            </Method>
            <Method visited="false" cyclomaticComplexity="1" nPathComplexity="0" sequenceCoverage="0" branchCoverage="0" isConstructor="true" isStatic="false" isGetter="false" isSetter="false">
              <Summary numSequencePoints="0" visitedSequencePoints="0" numBranchPoints="0" visitedBranchPoints="0" sequenceCoverage="0" branchCoverage="0" maxCyclomaticComplexity="1" minCyclomaticComplexity="1" visitedClasses="0" numClasses="0" visitedMethods="0" numMethods="0" />
              <MetadataToken>100663303</MetadataToken>
              <Name>System.Void Parallel.Test.Framework.Lib.Selenium.WebElementExtensions::.ctor()</Name>
              <SequencePoints />
              <BranchPoints />
              <MethodPoint vc="0" uspid="43" ordinal="0" offset="0" />
            </Method>
          </Methods>
        </Class>
        <Class>
          <Summary numSequencePoints="14" visitedSequencePoints="0" numBranchPoints="2" visitedBranchPoints="0" sequenceCoverage="0" branchCoverage="0" maxCyclomaticComplexity="1" minCyclomaticComplexity="1" visitedClasses="0" numClasses="1" visitedMethods="0" numMethods="2" />
          <FullName>Parallel.Test.Framework.Lib.Nunit.AssertionHelpers</FullName>
          <Methods>
            <Method visited="false" cyclomaticComplexity="1" nPathComplexity="0" sequenceCoverage="0" branchCoverage="0" isConstructor="false" isStatic="false" isGetter="false" isSetter="false">
              <Summary numSequencePoints="7" visitedSequencePoints="0" numBranchPoints="1" visitedBranchPoints="0" sequenceCoverage="0" branchCoverage="0" maxCyclomaticComplexity="1" minCyclomaticComplexity="1" visitedClasses="0" numClasses="0" visitedMethods="0" numMethods="1" />
              <MetadataToken>100663304</MetadataToken>
              <Name>System.Void Parallel.Test.Framework.Lib.Nunit.AssertionHelpers::AreEqual(System.String,System.String,System.String)</Name>
              <FileRef uid="2" />
              <SequencePoints>
                <SequencePoint vc="0" uspid="44" ordinal="0" offset="0" sl="11" sc="17" el="11" ec="71" bec="0" bev="0" fileid="2" />
                <SequencePoint vc="0" uspid="45" ordinal="1" offset="17" sl="12" sc="17" el="12" ec="194" bec="0" bev="0" fileid="2" />
                <SequencePoint vc="0" uspid="46" ordinal="2" offset="77" sl="13" sc="13" el="13" ec="14" bec="0" bev="0" fileid="2" />
                <SequencePoint vc="0" uspid="47" ordinal="3" offset="79" sl="14" sc="13" el="14" ec="32" bec="0" bev="0" fileid="2" />
                <SequencePoint vc="0" uspid="48" ordinal="4" offset="80" sl="15" sc="17" el="15" ec="199" bec="0" bev="0" fileid="2" />
                <SequencePoint vc="0" uspid="49" ordinal="5" offset="149" sl="16" sc="13" el="16" ec="14" bec="0" bev="0" fileid="2" />
                <SequencePoint vc="0" uspid="50" ordinal="6" offset="151" sl="17" sc="9" el="17" ec="10" bec="0" bev="0" fileid="2" />
              </SequencePoints>
              <BranchPoints />
              <MethodPoint xsi:type="SequencePoint" vc="0" uspid="44" ordinal="0" offset="0" sl="11" sc="17" el="11" ec="71" bec="0" bev="0" fileid="2" />
            </Method>
            <Method visited="false" cyclomaticComplexity="1" nPathComplexity="0" sequenceCoverage="0" branchCoverage="0" isConstructor="false" isStatic="false" isGetter="false" isSetter="false">
              <Summary numSequencePoints="7" visitedSequencePoints="0" numBranchPoints="1" visitedBranchPoints="0" sequenceCoverage="0" branchCoverage="0" maxCyclomaticComplexity="1" minCyclomaticComplexity="1" visitedClasses="0" numClasses="0" visitedMethods="0" numMethods="1" />
              <MetadataToken>100663305</MetadataToken>
              <Name>System.Void Parallel.Test.Framework.Lib.Nunit.AssertionHelpers::That(OpenQA.Selenium.IWebElement,System.String)</Name>
              <FileRef uid="2" />
              <SequencePoints>
                <SequencePoint vc="0" uspid="51" ordinal="0" offset="0" sl="21" sc="17" el="21" ec="48" bec="0" bev="0" fileid="2" />
                <SequencePoint vc="0" uspid="52" ordinal="1" offset="11" sl="22" sc="17" el="22" ec="88" bec="0" bev="0" fileid="2" />
                <SequencePoint vc="0" uspid="53" ordinal="2" offset="35" sl="23" sc="13" el="23" ec="14" bec="0" bev="0" fileid="2" />
                <SequencePoint vc="0" uspid="54" ordinal="3" offset="37" sl="24" sc="13" el="24" ec="30" bec="0" bev="0" fileid="2" />
                <SequencePoint vc="0" uspid="55" ordinal="4" offset="38" sl="25" sc="17" el="25" ec="93" bec="0" bev="0" fileid="2" />
                <SequencePoint vc="0" uspid="56" ordinal="5" offset="62" sl="26" sc="13" el="26" ec="14" bec="0" bev="0" fileid="2" />
                <SequencePoint vc="0" uspid="57" ordinal="6" offset="64" sl="27" sc="9" el="27" ec="10" bec="0" bev="0" fileid="2" />
              </SequencePoints>
              <BranchPoints />
              <MethodPoint xsi:type="SequencePoint" vc="0" uspid="51" ordinal="0" offset="0" sl="21" sc="17" el="21" ec="48" bec="0" bev="0" fileid="2" />
            </Method>
            <Method visited="false" cyclomaticComplexity="1" nPathComplexity="0" sequenceCoverage="0" branchCoverage="0" isConstructor="true" isStatic="false" isGetter="false" isSetter="false">
              <Summary numSequencePoints="0" visitedSequencePoints="0" numBranchPoints="0" visitedBranchPoints="0" sequenceCoverage="0" branchCoverage="0" maxCyclomaticComplexity="1" minCyclomaticComplexity="1" visitedClasses="0" numClasses="0" visitedMethods="0" numMethods="0" />
              <MetadataToken>100663306</MetadataToken>
              <Name>System.Void Parallel.Test.Framework.Lib.Nunit.AssertionHelpers::.ctor()</Name>
              <SequencePoints />
              <BranchPoints />
              <MethodPoint vc="0" uspid="58" ordinal="0" offset="0" />
            </Method>
          </Methods>
        </Class>
        <Class>
          <Summary numSequencePoints="9" visitedSequencePoints="5" numBranchPoints="2" visitedBranchPoints="1" sequenceCoverage="55.56" branchCoverage="50" maxCyclomaticComplexity="2" minCyclomaticComplexity="1" visitedClasses="1" numClasses="1" visitedMethods="1" numMethods="2" />
          <FullName>Parallel.Test.Framework.Lib.Json.LoadJsonLib</FullName>
          <Methods>
            <Method visited="true" cyclomaticComplexity="2" nPathComplexity="0" sequenceCoverage="100" branchCoverage="100" isConstructor="false" isStatic="false" isGetter="false" isSetter="false">
              <Summary numSequencePoints="5" visitedSequencePoints="5" numBranchPoints="1" visitedBranchPoints="1" sequenceCoverage="100" branchCoverage="100" maxCyclomaticComplexity="2" minCyclomaticComplexity="2" visitedClasses="0" numClasses="0" visitedMethods="1" numMethods="1" />
              <MetadataToken>100663307</MetadataToken>
              <Name>Newtonsoft.Json.Linq.JObject Parallel.Test.Framework.Lib.Json.LoadJsonLib::LoadJson(System.String)</Name>
              <FileRef uid="3" />
              <SequencePoints>
                <SequencePoint vc="3" uspid="59" ordinal="0" offset="0" sl="10" sc="20" el="10" ec="54" bec="0" bev="0" fileid="3" />
                <SequencePoint vc="3" uspid="60" ordinal="1" offset="7" sl="12" sc="17" el="12" ec="38" bec="0" bev="0" fileid="3" />
                <SequencePoint vc="3" uspid="61" ordinal="2" offset="14" sl="13" sc="13" el="13" ec="14" bec="0" bev="0" fileid="3" />
                <SequencePoint vc="3" uspid="62" ordinal="3" offset="26" sl="15" sc="13" el="15" ec="52" bec="0" bev="0" fileid="3" />
                <SequencePoint vc="3" uspid="63" ordinal="4" offset="32" sl="16" sc="13" el="16" ec="33" bec="0" bev="0" fileid="3" />
              </SequencePoints>
              <BranchPoints />
              <MethodPoint xsi:type="SequencePoint" vc="3" uspid="59" ordinal="0" offset="0" sl="10" sc="20" el="10" ec="54" bec="0" bev="0" fileid="3" />
            </Method>
            <Method visited="false" cyclomaticComplexity="2" nPathComplexity="0" sequenceCoverage="0" branchCoverage="0" isConstructor="false" isStatic="false" isGetter="false" isSetter="false">
              <Summary numSequencePoints="4" visitedSequencePoints="0" numBranchPoints="1" visitedBranchPoints="0" sequenceCoverage="0" branchCoverage="0" maxCyclomaticComplexity="2" minCyclomaticComplexity="2" visitedClasses="0" numClasses="0" visitedMethods="0" numMethods="1" />
              <MetadataToken>100663308</MetadataToken>
              <Name>System.String Parallel.Test.Framework.Lib.Json.LoadJsonLib::ReadFile(System.String)</Name>
              <FileRef uid="3" />
              <SequencePoints>
                <SequencePoint vc="0" uspid="64" ordinal="0" offset="0" sl="22" sc="20" el="22" ec="54" bec="0" bev="0" fileid="3" />
                <SequencePoint vc="0" uspid="65" ordinal="1" offset="7" sl="24" sc="17" el="24" ec="42" bec="0" bev="0" fileid="3" />
                <SequencePoint vc="0" uspid="66" ordinal="2" offset="14" sl="25" sc="13" el="25" ec="14" bec="0" bev="0" fileid="3" />
                <SequencePoint vc="0" uspid="67" ordinal="3" offset="26" sl="27" sc="13" el="27" ec="29" bec="0" bev="0" fileid="3" />
              </SequencePoints>
              <BranchPoints />
              <MethodPoint xsi:type="SequencePoint" vc="0" uspid="64" ordinal="0" offset="0" sl="22" sc="20" el="22" ec="54" bec="0" bev="0" fileid="3" />
            </Method>
            <Method visited="true" cyclomaticComplexity="1" nPathComplexity="0" sequenceCoverage="0" branchCoverage="0" isConstructor="true" isStatic="false" isGetter="false" isSetter="false">
              <Summary numSequencePoints="0" visitedSequencePoints="0" numBranchPoints="0" visitedBranchPoints="0" sequenceCoverage="0" branchCoverage="0" maxCyclomaticComplexity="1" minCyclomaticComplexity="1" visitedClasses="0" numClasses="0" visitedMethods="0" numMethods="0" />
              <MetadataToken>100663309</MetadataToken>
              <Name>System.Void Parallel.Test.Framework.Lib.Json.LoadJsonLib::.ctor()</Name>
              <SequencePoints />
              <BranchPoints />
              <MethodPoint vc="3" uspid="68" ordinal="0" offset="0" />
            </Method>
          </Methods>
        </Class>
        <Class>
          <Summary numSequencePoints="33" visitedSequencePoints="0" numBranchPoints="15" visitedBranchPoints="0" sequenceCoverage="0" branchCoverage="0" maxCyclomaticComplexity="7" minCyclomaticComplexity="1" visitedClasses="0" numClasses="1" visitedMethods="0" numMethods="3" />
          <FullName>Parallel.Test.Framework.Lib.DataBase.DbBase</FullName>
          <Methods>
            <Method visited="false" cyclomaticComplexity="1" nPathComplexity="0" sequenceCoverage="0" branchCoverage="0" isConstructor="false" isStatic="false" isGetter="false" isSetter="false">
              <Summary numSequencePoints="9" visitedSequencePoints="0" numBranchPoints="1" visitedBranchPoints="0" sequenceCoverage="0" branchCoverage="0" maxCyclomaticComplexity="1" minCyclomaticComplexity="1" visitedClasses="0" numClasses="0" visitedMethods="0" numMethods="1" />
              <MetadataToken>100663310</MetadataToken>
              <Name>System.Data.SqlClient.SqlConnection Parallel.Test.Framework.Lib.DataBase.DbBase::DbConnect(System.String)</Name>
              <FileRef uid="4" />
              <SequencePoints>
                <SequencePoint vc="0" uspid="69" ordinal="0" offset="0" sl="13" sc="17" el="13" ec="102" bec="0" bev="0" fileid="4" />
                <SequencePoint vc="0" uspid="70" ordinal="1" offset="24" sl="14" sc="17" el="14" ec="73" bec="0" bev="0" fileid="4" />
                <SequencePoint vc="0" uspid="71" ordinal="2" offset="30" sl="15" sc="17" el="15" ec="38" bec="0" bev="0" fileid="4" />
                <SequencePoint vc="0" uspid="72" ordinal="3" offset="36" sl="16" sc="17" el="16" ec="38" bec="0" bev="0" fileid="4" />
                <SequencePoint vc="0" uspid="73" ordinal="4" offset="39" sl="18" sc="13" el="18" ec="32" bec="0" bev="0" fileid="4" />
                <SequencePoint vc="0" uspid="74" ordinal="5" offset="40" sl="19" sc="17" el="19" ec="72" bec="0" bev="0" fileid="4" />
                <SequencePoint vc="0" uspid="75" ordinal="6" offset="67" sl="20" sc="13" el="20" ec="14" bec="0" bev="0" fileid="4" />
                <SequencePoint vc="0" uspid="76" ordinal="7" offset="69" sl="22" sc="13" el="22" ec="25" bec="0" bev="0" fileid="4" />
                <SequencePoint vc="0" uspid="77" ordinal="8" offset="71" sl="23" sc="9" el="23" ec="10" bec="0" bev="0" fileid="4" />
              </SequencePoints>
              <BranchPoints />
              <MethodPoint xsi:type="SequencePoint" vc="0" uspid="69" ordinal="0" offset="0" sl="13" sc="17" el="13" ec="102" bec="0" bev="0" fileid="4" />
            </Method>
            <Method visited="false" cyclomaticComplexity="1" nPathComplexity="0" sequenceCoverage="0" branchCoverage="0" isConstructor="false" isStatic="false" isGetter="false" isSetter="false">
              <Summary numSequencePoints="6" visitedSequencePoints="0" numBranchPoints="1" visitedBranchPoints="0" sequenceCoverage="0" branchCoverage="0" maxCyclomaticComplexity="1" minCyclomaticComplexity="1" visitedClasses="0" numClasses="0" visitedMethods="0" numMethods="1" />
              <MetadataToken>100663311</MetadataToken>
              <Name>System.Void Parallel.Test.Framework.Lib.DataBase.DbBase::DbClose(System.Data.SqlClient.SqlConnection)</Name>
              <FileRef uid="4" />
              <SequencePoints>
                <SequencePoint vc="0" uspid="78" ordinal="0" offset="0" sl="27" sc="17" el="27" ec="39" bec="0" bev="0" fileid="4" />
                <SequencePoint vc="0" uspid="79" ordinal="1" offset="6" sl="28" sc="13" el="28" ec="14" bec="0" bev="0" fileid="4" />
                <SequencePoint vc="0" uspid="80" ordinal="2" offset="8" sl="29" sc="13" el="29" ec="32" bec="0" bev="0" fileid="4" />
                <SequencePoint vc="0" uspid="81" ordinal="3" offset="9" sl="30" sc="17" el="30" ec="87" bec="0" bev="0" fileid="4" />
                <SequencePoint vc="0" uspid="82" ordinal="4" offset="38" sl="31" sc="13" el="31" ec="14" bec="0" bev="0" fileid="4" />
                <SequencePoint vc="0" uspid="83" ordinal="5" offset="40" sl="32" sc="9" el="32" ec="10" bec="0" bev="0" fileid="4" />
              </SequencePoints>
              <BranchPoints />
              <MethodPoint xsi:type="SequencePoint" vc="0" uspid="78" ordinal="0" offset="0" sl="27" sc="17" el="27" ec="39" bec="0" bev="0" fileid="4" />
            </Method>
            <Method visited="false" cyclomaticComplexity="7" nPathComplexity="64" sequenceCoverage="0" branchCoverage="0" isConstructor="false" isStatic="false" isGetter="false" isSetter="false">
              <Summary numSequencePoints="18" visitedSequencePoints="0" numBranchPoints="13" visitedBranchPoints="0" sequenceCoverage="0" branchCoverage="0" maxCyclomaticComplexity="7" minCyclomaticComplexity="7" visitedClasses="0" numClasses="0" visitedMethods="0" numMethods="1" />
              <MetadataToken>100663312</MetadataToken>
              <Name>System.Data.DataTable Parallel.Test.Framework.Lib.DataBase.DbBase::ExecuteQuery(System.Data.SqlClient.SqlConnection,System.String)</Name>
              <FileRef uid="4" />
              <SequencePoints>
                <SequencePoint vc="0" uspid="84" ordinal="0" offset="0" sl="40" sc="17" el="41" ec="119" bec="5" bev="0" fileid="4" />
                <SequencePoint vc="0" uspid="85" ordinal="1" offset="24" sl="42" sc="21" el="42" ec="47" bec="2" bev="0" fileid="4" />
                <SequencePoint vc="0" uspid="86" ordinal="2" offset="27" sl="43" sc="25" el="43" ec="46" bec="0" bev="0" fileid="4" />
                <SequencePoint vc="0" uspid="87" ordinal="3" offset="33" sl="45" sc="17" el="47" ec="19" bec="0" bev="0" fileid="4" />
                <SequencePoint vc="0" uspid="88" ordinal="4" offset="58" sl="49" sc="17" el="49" ec="41" bec="0" bev="0" fileid="4" />
                <SequencePoint vc="0" uspid="89" ordinal="5" offset="64" sl="50" sc="17" el="50" ec="52" bec="0" bev="0" fileid="4" />
                <SequencePoint vc="0" uspid="90" ordinal="6" offset="76" sl="51" sc="17" el="51" ec="43" bec="2" bev="0" fileid="4" />
                <SequencePoint vc="0" uspid="91" ordinal="7" offset="79" sl="51" sc="44" el="51" ec="66" bec="0" bev="0" fileid="4" />
                <SequencePoint vc="0" uspid="92" ordinal="8" offset="85" sl="52" sc="17" el="52" ec="48" bec="0" bev="0" fileid="4" />
                <SequencePoint vc="0" uspid="93" ordinal="9" offset="104" sl="54" sc="13" el="54" ec="32" bec="0" bev="0" fileid="4" />
                <SequencePoint vc="0" uspid="94" ordinal="10" offset="105" sl="56" sc="17" el="56" ec="32" bec="0" bev="0" fileid="4" />
                <SequencePoint vc="0" uspid="95" ordinal="11" offset="107" sl="58" sc="17" el="58" ec="39" bec="0" bev="0" fileid="4" />
                <SequencePoint vc="0" uspid="96" ordinal="12" offset="113" sl="61" sc="17" el="61" ec="74" bec="0" bev="0" fileid="4" />
                <SequencePoint vc="0" uspid="97" ordinal="13" offset="140" sl="63" sc="17" el="63" ec="29" bec="0" bev="0" fileid="4" />
                <SequencePoint vc="0" uspid="98" ordinal="14" offset="144" sl="67" sc="17" el="67" ec="39" bec="0" bev="0" fileid="4" />
                <SequencePoint vc="0" uspid="99" ordinal="15" offset="150" sl="69" sc="17" el="69" ec="32" bec="0" bev="0" fileid="4" />
                <SequencePoint vc="0" uspid="100" ordinal="16" offset="152" sl="70" sc="13" el="70" ec="14" bec="0" bev="0" fileid="4" />
                <SequencePoint vc="0" uspid="101" ordinal="17" offset="153" sl="71" sc="9" el="71" ec="10" bec="0" bev="0" fileid="4" />
              </SequencePoints>
              <BranchPoints>
                <BranchPoint vc="0" uspid="102" ordinal="0" offset="1" sl="40" path="0" offsetend="3" fileid="4" />
                <BranchPoint vc="0" uspid="103" ordinal="1" offset="1" sl="40" path="1" offsetend="24" fileid="4" />
                <BranchPoint vc="0" uspid="104" ordinal="2" offset="4" sl="40" path="0" offsetend="6" fileid="4" />
                <BranchPoint vc="0" uspid="105" ordinal="3" offset="4" sl="40" path="1" offsetend="33" fileid="4" />
                <BranchPoint vc="0" uspid="106" ordinal="4" offset="12" sl="40" path="0" offsetend="14" fileid="4" />
                <BranchPoint vc="0" uspid="107" ordinal="5" offset="12" sl="40" path="1" offsetend="24" fileid="4" />
                <BranchPoint vc="0" uspid="108" ordinal="6" offset="22" sl="40" path="0" offsetend="24" fileid="4" />
                <BranchPoint vc="0" uspid="109" ordinal="7" offset="22" sl="40" path="1" offsetend="33" fileid="4" />
                <BranchPoint vc="0" uspid="110" ordinal="8" offset="25" sl="42" path="0" offsetend="27" fileid="4" />
                <BranchPoint vc="0" uspid="111" ordinal="9" offset="25" sl="42" path="1" offsetend="33" fileid="4" />
                <BranchPoint vc="0" uspid="112" ordinal="10" offset="77" sl="51" path="0" offsetend="79" fileid="4" />
                <BranchPoint vc="0" uspid="113" ordinal="11" offset="77" sl="51" path="1" offsetend="85" fileid="4" />
              </BranchPoints>
              <MethodPoint xsi:type="SequencePoint" vc="0" uspid="84" ordinal="0" offset="0" sl="40" sc="17" el="41" ec="119" bec="5" bev="0" fileid="4" />
            </Method>
            <Method visited="false" cyclomaticComplexity="1" nPathComplexity="0" sequenceCoverage="0" branchCoverage="0" isConstructor="true" isStatic="false" isGetter="false" isSetter="false">
              <Summary numSequencePoints="0" visitedSequencePoints="0" numBranchPoints="0" visitedBranchPoints="0" sequenceCoverage="0" branchCoverage="0" maxCyclomaticComplexity="1" minCyclomaticComplexity="1" visitedClasses="0" numClasses="0" visitedMethods="0" numMethods="0" />
              <MetadataToken>100663313</MetadataToken>
              <Name>System.Void Parallel.Test.Framework.Lib.DataBase.DbBase::.ctor()</Name>
              <SequencePoints />
              <BranchPoints />
              <MethodPoint vc="0" uspid="114" ordinal="0" offset="0" />
            </Method>
          </Methods>
        </Class>
        <Class>
          <Summary numSequencePoints="24" visitedSequencePoints="0" numBranchPoints="12" visitedBranchPoints="0" sequenceCoverage="0" branchCoverage="0" maxCyclomaticComplexity="3" minCyclomaticComplexity="1" visitedClasses="0" numClasses="1" visitedMethods="0" numMethods="8" />
          <FullName>Parallel.Test.Framework.Lib.DataBase.DBExecute</FullName>
          <Methods>
            <Method visited="false" cyclomaticComplexity="1" nPathComplexity="0" sequenceCoverage="0" branchCoverage="0" isConstructor="false" isStatic="false" isGetter="true" isSetter="false">
              <Summary numSequencePoints="1" visitedSequencePoints="0" numBranchPoints="1" visitedBranchPoints="0" sequenceCoverage="0" branchCoverage="0" maxCyclomaticComplexity="1" minCyclomaticComplexity="1" visitedClasses="0" numClasses="0" visitedMethods="0" numMethods="1" />
              <MetadataToken>100663315</MetadataToken>
              <Name>System.Data.DataTable Parallel.Test.Framework.Lib.DataBase.DBExecute::get_Result()</Name>
              <FileRef uid="5" />
              <SequencePoints>
                <SequencePoint vc="0" uspid="115" ordinal="0" offset="0" sl="17" sc="36" el="17" ec="40" bec="0" bev="0" fileid="5" />
              </SequencePoints>
              <BranchPoints />
              <MethodPoint xsi:type="SequencePoint" vc="0" uspid="115" ordinal="0" offset="0" sl="17" sc="36" el="17" ec="40" bec="0" bev="0" fileid="5" />
            </Method>
            <Method visited="false" cyclomaticComplexity="1" nPathComplexity="0" sequenceCoverage="0" branchCoverage="0" isConstructor="false" isStatic="false" isGetter="false" isSetter="true">
              <Summary numSequencePoints="1" visitedSequencePoints="0" numBranchPoints="1" visitedBranchPoints="0" sequenceCoverage="0" branchCoverage="0" maxCyclomaticComplexity="1" minCyclomaticComplexity="1" visitedClasses="0" numClasses="0" visitedMethods="0" numMethods="1" />
              <MetadataToken>100663316</MetadataToken>
              <Name>System.Void Parallel.Test.Framework.Lib.DataBase.DBExecute::set_Result(System.Data.DataTable)</Name>
              <FileRef uid="5" />
              <SequencePoints>
                <SequencePoint vc="0" uspid="116" ordinal="0" offset="0" sl="17" sc="41" el="17" ec="45" bec="0" bev="0" fileid="5" />
              </SequencePoints>
              <BranchPoints />
              <MethodPoint xsi:type="SequencePoint" vc="0" uspid="116" ordinal="0" offset="0" sl="17" sc="41" el="17" ec="45" bec="0" bev="0" fileid="5" />
            </Method>
            <Method visited="false" cyclomaticComplexity="1" nPathComplexity="0" sequenceCoverage="0" branchCoverage="0" isConstructor="false" isStatic="false" isGetter="true" isSetter="false">
              <Summary numSequencePoints="1" visitedSequencePoints="0" numBranchPoints="1" visitedBranchPoints="0" sequenceCoverage="0" branchCoverage="0" maxCyclomaticComplexity="1" minCyclomaticComplexity="1" visitedClasses="0" numClasses="0" visitedMethods="0" numMethods="1" />
              <MetadataToken>100663317</MetadataToken>
              <Name>System.Data.SqlClient.SqlConnection Parallel.Test.Framework.Lib.DataBase.DBExecute::get_Conn()</Name>
              <FileRef uid="5" />
              <SequencePoints>
                <SequencePoint vc="0" uspid="117" ordinal="0" offset="0" sl="18" sc="38" el="18" ec="42" bec="0" bev="0" fileid="5" />
              </SequencePoints>
              <BranchPoints />
              <MethodPoint xsi:type="SequencePoint" vc="0" uspid="117" ordinal="0" offset="0" sl="18" sc="38" el="18" ec="42" bec="0" bev="0" fileid="5" />
            </Method>
            <Method visited="false" cyclomaticComplexity="1" nPathComplexity="0" sequenceCoverage="0" branchCoverage="0" isConstructor="false" isStatic="false" isGetter="true" isSetter="false">
              <Summary numSequencePoints="1" visitedSequencePoints="0" numBranchPoints="1" visitedBranchPoints="0" sequenceCoverage="0" branchCoverage="0" maxCyclomaticComplexity="1" minCyclomaticComplexity="1" visitedClasses="0" numClasses="0" visitedMethods="0" numMethods="1" />
              <MetadataToken>100663318</MetadataToken>
              <Name>Parallel.Test.Framework.Lib.DataBase.DbBase Parallel.Test.Framework.Lib.DataBase.DBExecute::get_DB()</Name>
              <FileRef uid="5" />
              <SequencePoints>
                <SequencePoint vc="0" uspid="118" ordinal="0" offset="0" sl="19" sc="29" el="19" ec="33" bec="0" bev="0" fileid="5" />
              </SequencePoints>
              <BranchPoints />
              <MethodPoint xsi:type="SequencePoint" vc="0" uspid="118" ordinal="0" offset="0" sl="19" sc="29" el="19" ec="33" bec="0" bev="0" fileid="5" />
            </Method>
            <Method visited="false" cyclomaticComplexity="1" nPathComplexity="0" sequenceCoverage="0" branchCoverage="0" isConstructor="true" isStatic="false" isGetter="false" isSetter="false">
              <Summary numSequencePoints="4" visitedSequencePoints="0" numBranchPoints="1" visitedBranchPoints="0" sequenceCoverage="0" branchCoverage="0" maxCyclomaticComplexity="1" minCyclomaticComplexity="1" visitedClasses="0" numClasses="0" visitedMethods="0" numMethods="1" />
              <MetadataToken>100663314</MetadataToken>
              <Name>System.Void Parallel.Test.Framework.Lib.DataBase.DBExecute::.ctor(System.String)</Name>
              <FileRef uid="5" />
              <SequencePoints>
                <SequencePoint vc="0" uspid="119" ordinal="0" offset="0" sl="10" sc="9" el="10" ec="52" bec="0" bev="0" fileid="5" />
                <SequencePoint vc="0" uspid="120" ordinal="1" offset="6" sl="11" sc="13" el="11" ec="31" bec="0" bev="0" fileid="5" />
                <SequencePoint vc="0" uspid="121" ordinal="2" offset="17" sl="12" sc="13" el="12" ec="53" bec="0" bev="0" fileid="5" />
                <SequencePoint vc="0" uspid="122" ordinal="3" offset="35" sl="14" sc="9" el="14" ec="10" bec="0" bev="0" fileid="5" />
              </SequencePoints>
              <BranchPoints />
              <MethodPoint xsi:type="SequencePoint" vc="0" uspid="119" ordinal="0" offset="0" sl="10" sc="9" el="10" ec="52" bec="0" bev="0" fileid="5" />
            </Method>
            <Method visited="false" cyclomaticComplexity="1" nPathComplexity="0" sequenceCoverage="0" branchCoverage="0" isConstructor="false" isStatic="false" isGetter="false" isSetter="false">
              <Summary numSequencePoints="3" visitedSequencePoints="0" numBranchPoints="1" visitedBranchPoints="0" sequenceCoverage="0" branchCoverage="0" maxCyclomaticComplexity="1" minCyclomaticComplexity="1" visitedClasses="0" numClasses="0" visitedMethods="0" numMethods="1" />
              <MetadataToken>100663319</MetadataToken>
              <Name>System.Data.DataTable Parallel.Test.Framework.Lib.DataBase.DBExecute::ExecuteQuery(System.String)</Name>
              <FileRef uid="5" />
              <SequencePoints>
                <SequencePoint vc="0" uspid="123" ordinal="0" offset="0" sl="22" sc="13" el="22" ec="51" bec="0" bev="0" fileid="5" />
                <SequencePoint vc="0" uspid="124" ordinal="1" offset="24" sl="23" sc="13" el="23" ec="79" bec="0" bev="0" fileid="5" />
                <SequencePoint vc="0" uspid="125" ordinal="2" offset="48" sl="24" sc="13" el="24" ec="27" bec="0" bev="0" fileid="5" />
              </SequencePoints>
              <BranchPoints />
              <MethodPoint xsi:type="SequencePoint" vc="0" uspid="123" ordinal="0" offset="0" sl="22" sc="13" el="22" ec="51" bec="0" bev="0" fileid="5" />
            </Method>
            <Method visited="false" cyclomaticComplexity="1" nPathComplexity="0" sequenceCoverage="0" branchCoverage="0" isConstructor="false" isStatic="false" isGetter="false" isSetter="false">
              <Summary numSequencePoints="3" visitedSequencePoints="0" numBranchPoints="1" visitedBranchPoints="0" sequenceCoverage="0" branchCoverage="0" maxCyclomaticComplexity="1" minCyclomaticComplexity="1" visitedClasses="0" numClasses="0" visitedMethods="0" numMethods="1" />
              <MetadataToken>100663320</MetadataToken>
              <Name>System.Data.DataTable Parallel.Test.Framework.Lib.DataBase.DBExecute::CloseDB()</Name>
              <FileRef uid="5" />
              <SequencePoints>
                <SequencePoint vc="0" uspid="126" ordinal="0" offset="0" sl="29" sc="13" el="29" ec="30" bec="0" bev="0" fileid="5" />
                <SequencePoint vc="0" uspid="127" ordinal="1" offset="17" sl="30" sc="13" el="30" ec="82" bec="0" bev="0" fileid="5" />
                <SequencePoint vc="0" uspid="128" ordinal="2" offset="35" sl="32" sc="13" el="32" ec="27" bec="0" bev="0" fileid="5" />
              </SequencePoints>
              <BranchPoints />
              <MethodPoint xsi:type="SequencePoint" vc="0" uspid="126" ordinal="0" offset="0" sl="29" sc="13" el="29" ec="30" bec="0" bev="0" fileid="5" />
            </Method>
            <Method visited="false" cyclomaticComplexity="3" nPathComplexity="4" sequenceCoverage="0" branchCoverage="0" isConstructor="false" isStatic="false" isGetter="false" isSetter="false">
              <Summary numSequencePoints="10" visitedSequencePoints="0" numBranchPoints="5" visitedBranchPoints="0" sequenceCoverage="0" branchCoverage="0" maxCyclomaticComplexity="3" minCyclomaticComplexity="3" visitedClasses="0" numClasses="0" visitedMethods="0" numMethods="1" />
              <MetadataToken>100663321</MetadataToken>
              <Name>System.String Parallel.Test.Framework.Lib.DataBase.DBExecute::GetData(System.Data.DataTable,System.String,System.String,System.String)</Name>
              <FileRef uid="5" />
              <SequencePoints>
                <SequencePoint vc="0" uspid="129" ordinal="0" offset="28" sl="36" sc="13" el="36" ec="30" bec="0" bev="0" fileid="5" />
                <SequencePoint vc="0" uspid="130" ordinal="1" offset="30" sl="39" sc="17" el="41" ec="66" bec="0" bev="0" fileid="5" />
                <SequencePoint vc="0" uspid="131" ordinal="2" offset="81" sl="42" sc="13" el="42" ec="14" bec="0" bev="0" fileid="5" />
                <SequencePoint vc="0" uspid="132" ordinal="3" offset="83" sl="43" sc="13" el="43" ec="30" bec="0" bev="0" fileid="5" />
                <SequencePoint vc="0" uspid="133" ordinal="4" offset="84" sl="45" sc="13" el="45" ec="14" bec="0" bev="0" fileid="5" />
                <SequencePoint vc="0" uspid="134" ordinal="5" offset="86" sl="47" sc="13" el="47" ec="36" bec="2" bev="0" fileid="5" />
                <SequencePoint vc="0" uspid="135" ordinal="6" offset="94" sl="48" sc="17" el="48" ec="41" bec="0" bev="0" fileid="5" />
                <SequencePoint vc="0" uspid="136" ordinal="7" offset="104" sl="49" sc="13" el="49" ec="28" bec="2" bev="0" fileid="5" />
                <SequencePoint vc="0" uspid="137" ordinal="8" offset="107" sl="50" sc="17" el="50" ec="38" bec="0" bev="0" fileid="5" />
                <SequencePoint vc="0" uspid="138" ordinal="9" offset="114" sl="51" sc="13" el="51" ec="37" bec="0" bev="0" fileid="5" />
              </SequencePoints>
              <BranchPoints>
                <BranchPoint vc="0" uspid="139" ordinal="0" offset="92" sl="47" path="0" offsetend="94" fileid="5" />
                <BranchPoint vc="0" uspid="140" ordinal="1" offset="92" sl="47" path="1" offsetend="104" fileid="5" />
                <BranchPoint vc="0" uspid="141" ordinal="2" offset="105" sl="49" path="0" offsetend="107" fileid="5" />
                <BranchPoint vc="0" uspid="142" ordinal="3" offset="105" sl="49" path="1" offsetend="114" fileid="5" />
              </BranchPoints>
              <MethodPoint vc="0" uspid="143" ordinal="0" offset="0" />
            </Method>
          </Methods>
        </Class>
        <Class>
          <Summary numSequencePoints="2" visitedSequencePoints="0" numBranchPoints="2" visitedBranchPoints="0" sequenceCoverage="0" branchCoverage="0" maxCyclomaticComplexity="1" minCyclomaticComplexity="1" visitedClasses="0" numClasses="1" visitedMethods="0" numMethods="2" />
          <FullName>Parallel.Test.Framework.Lib.DataBase.DBExecute/&lt;&gt;c__DisplayClass13_0</FullName>
          <Methods>
            <Method visited="false" cyclomaticComplexity="1" nPathComplexity="0" sequenceCoverage="0" branchCoverage="0" isConstructor="true" isStatic="false" isGetter="false" isSetter="false">
              <Summary numSequencePoints="0" visitedSequencePoints="0" numBranchPoints="0" visitedBranchPoints="0" sequenceCoverage="0" branchCoverage="0" maxCyclomaticComplexity="1" minCyclomaticComplexity="1" visitedClasses="0" numClasses="0" visitedMethods="0" numMethods="0" />
              <MetadataToken>100663385</MetadataToken>
              <Name>System.Void Parallel.Test.Framework.Lib.DataBase.DBExecute/&lt;&gt;c__DisplayClass13_0::.ctor()</Name>
              <SequencePoints />
              <BranchPoints />
              <MethodPoint vc="0" uspid="144" ordinal="0" offset="0" />
            </Method>
            <Method visited="false" cyclomaticComplexity="1" nPathComplexity="0" sequenceCoverage="0" branchCoverage="0" isConstructor="false" isStatic="false" isGetter="false" isSetter="false">
              <Summary numSequencePoints="1" visitedSequencePoints="0" numBranchPoints="1" visitedBranchPoints="0" sequenceCoverage="0" branchCoverage="0" maxCyclomaticComplexity="1" minCyclomaticComplexity="1" visitedClasses="0" numClasses="0" visitedMethods="0" numMethods="1" />
              <MetadataToken>100663386</MetadataToken>
              <Name>System.Boolean Parallel.Test.Framework.Lib.DataBase.DBExecute/&lt;&gt;c__DisplayClass13_0::&lt;GetData&gt;b__0(System.Data.DataRow)</Name>
              <FileRef uid="5" />
              <SequencePoints>
                <SequencePoint vc="0" uspid="145" ordinal="0" offset="0" sl="40" sc="27" el="40" ec="72" bec="0" bev="0" fileid="5" />
              </SequencePoints>
              <BranchPoints />
              <MethodPoint xsi:type="SequencePoint" vc="0" uspid="145" ordinal="0" offset="0" sl="40" sc="27" el="40" ec="72" bec="0" bev="0" fileid="5" />
            </Method>
            <Method visited="false" cyclomaticComplexity="1" nPathComplexity="0" sequenceCoverage="0" branchCoverage="0" isConstructor="false" isStatic="false" isGetter="false" isSetter="false">
              <Summary numSequencePoints="1" visitedSequencePoints="0" numBranchPoints="1" visitedBranchPoints="0" sequenceCoverage="0" branchCoverage="0" maxCyclomaticComplexity="1" minCyclomaticComplexity="1" visitedClasses="0" numClasses="0" visitedMethods="0" numMethods="1" />
              <MetadataToken>100663387</MetadataToken>
              <Name>System.Object Parallel.Test.Framework.Lib.DataBase.DBExecute/&lt;&gt;c__DisplayClass13_0::&lt;GetData&gt;b__1(System.Data.DataRow)</Name>
              <FileRef uid="5" />
              <SequencePoints>
                <SequencePoint vc="0" uspid="146" ordinal="0" offset="0" sl="41" sc="28" el="41" ec="47" bec="0" bev="0" fileid="5" />
              </SequencePoints>
              <BranchPoints />
              <MethodPoint xsi:type="SequencePoint" vc="0" uspid="146" ordinal="0" offset="0" sl="41" sc="28" el="41" ec="47" bec="0" bev="0" fileid="5" />
            </Method>
          </Methods>
        </Class>
        <Class>
          <Summary numSequencePoints="25" visitedSequencePoints="0" numBranchPoints="11" visitedBranchPoints="0" sequenceCoverage="0" branchCoverage="0" maxCyclomaticComplexity="5" minCyclomaticComplexity="1" visitedClasses="0" numClasses="1" visitedMethods="0" numMethods="7" />
          <FullName>Parallel.Test.Framework.Lib.DotNet.CustomStringLib</FullName>
          <Methods>
            <Method visited="false" cyclomaticComplexity="1" nPathComplexity="0" sequenceCoverage="0" branchCoverage="0" isConstructor="false" isStatic="true" isGetter="false" isSetter="false">
              <Summary numSequencePoints="1" visitedSequencePoints="0" numBranchPoints="1" visitedBranchPoints="0" sequenceCoverage="0" branchCoverage="0" maxCyclomaticComplexity="1" minCyclomaticComplexity="1" visitedClasses="0" numClasses="0" visitedMethods="0" numMethods="1" />
              <MetadataToken>100663322</MetadataToken>
              <Name>System.String Parallel.Test.Framework.Lib.DotNet.CustomStringLib::RemoveSpace(System.String)</Name>
              <FileRef uid="7" />
              <SequencePoints>
                <SequencePoint vc="0" uspid="147" ordinal="0" offset="0" sl="16" sc="13" el="16" ec="74" bec="0" bev="0" fileid="7" />
              </SequencePoints>
              <BranchPoints />
              <MethodPoint xsi:type="SequencePoint" vc="0" uspid="147" ordinal="0" offset="0" sl="16" sc="13" el="16" ec="74" bec="0" bev="0" fileid="7" />
            </Method>
            <Method visited="false" cyclomaticComplexity="2" nPathComplexity="0" sequenceCoverage="0" branchCoverage="0" isConstructor="false" isStatic="true" isGetter="false" isSetter="false">
              <Summary numSequencePoints="1" visitedSequencePoints="0" numBranchPoints="1" visitedBranchPoints="0" sequenceCoverage="0" branchCoverage="0" maxCyclomaticComplexity="2" minCyclomaticComplexity="2" visitedClasses="0" numClasses="0" visitedMethods="0" numMethods="1" />
              <MetadataToken>100663323</MetadataToken>
              <Name>System.String Parallel.Test.Framework.Lib.DotNet.CustomStringLib::RemoveLastCharacter(System.String)</Name>
              <FileRef uid="7" />
              <SequencePoints>
                <SequencePoint vc="0" uspid="148" ordinal="0" offset="0" sl="26" sc="13" el="26" ec="109" bec="0" bev="0" fileid="7" />
              </SequencePoints>
              <BranchPoints />
              <MethodPoint xsi:type="SequencePoint" vc="0" uspid="148" ordinal="0" offset="0" sl="26" sc="13" el="26" ec="109" bec="0" bev="0" fileid="7" />
            </Method>
            <Method visited="false" cyclomaticComplexity="2" nPathComplexity="0" sequenceCoverage="0" branchCoverage="0" isConstructor="false" isStatic="true" isGetter="false" isSetter="false">
              <Summary numSequencePoints="1" visitedSequencePoints="0" numBranchPoints="1" visitedBranchPoints="0" sequenceCoverage="0" branchCoverage="0" maxCyclomaticComplexity="2" minCyclomaticComplexity="2" visitedClasses="0" numClasses="0" visitedMethods="0" numMethods="1" />
              <MetadataToken>100663324</MetadataToken>
              <Name>System.String Parallel.Test.Framework.Lib.DotNet.CustomStringLib::RemoveFirstCharacter(System.String)</Name>
              <FileRef uid="7" />
              <SequencePoints>
                <SequencePoint vc="0" uspid="151" ordinal="0" offset="0" sl="37" sc="13" el="37" ec="91" bec="0" bev="0" fileid="7" />
              </SequencePoints>
              <BranchPoints />
              <MethodPoint xsi:type="SequencePoint" vc="0" uspid="151" ordinal="0" offset="0" sl="37" sc="13" el="37" ec="91" bec="0" bev="0" fileid="7" />
            </Method>
            <Method visited="false" cyclomaticComplexity="3" nPathComplexity="0" sequenceCoverage="0" branchCoverage="0" isConstructor="false" isStatic="true" isGetter="false" isSetter="false">
              <Summary numSequencePoints="6" visitedSequencePoints="0" numBranchPoints="1" visitedBranchPoints="0" sequenceCoverage="0" branchCoverage="0" maxCyclomaticComplexity="3" minCyclomaticComplexity="3" visitedClasses="0" numClasses="0" visitedMethods="0" numMethods="1" />
              <MetadataToken>100663325</MetadataToken>
              <Name>System.String Parallel.Test.Framework.Lib.DotNet.CustomStringLib::ToString(System.String[],System.String,System.Boolean)</Name>
              <FileRef uid="7" />
              <SequencePoints>
                <SequencePoint vc="0" uspid="154" ordinal="0" offset="0" sl="50" sc="13" el="50" ec="53" bec="0" bev="0" fileid="7" />
                <SequencePoint vc="0" uspid="155" ordinal="1" offset="6" sl="51" sc="34" el="51" ec="42" bec="0" bev="0" fileid="7" />
                <SequencePoint vc="0" uspid="156" ordinal="2" offset="12" sl="51" sc="22" el="51" ec="30" bec="0" bev="0" fileid="7" />
                <SequencePoint vc="0" uspid="157" ordinal="3" offset="16" sl="53" sc="17" el="53" ec="83" bec="0" bev="0" fileid="7" />
                <SequencePoint vc="0" uspid="158" ordinal="4" offset="51" sl="51" sc="31" el="51" ec="33" bec="0" bev="0" fileid="7" />
                <SequencePoint vc="0" uspid="159" ordinal="5" offset="57" sl="55" sc="13" el="55" ec="57" bec="0" bev="0" fileid="7" />
              </SequencePoints>
              <BranchPoints />
              <MethodPoint xsi:type="SequencePoint" vc="0" uspid="154" ordinal="0" offset="0" sl="50" sc="13" el="50" ec="53" bec="0" bev="0" fileid="7" />
            </Method>
            <Method visited="false" cyclomaticComplexity="1" nPathComplexity="0" sequenceCoverage="0" branchCoverage="0" isConstructor="false" isStatic="true" isGetter="false" isSetter="false">
              <Summary numSequencePoints="1" visitedSequencePoints="0" numBranchPoints="1" visitedBranchPoints="0" sequenceCoverage="0" branchCoverage="0" maxCyclomaticComplexity="1" minCyclomaticComplexity="1" visitedClasses="0" numClasses="0" visitedMethods="0" numMethods="1" />
              <MetadataToken>100663326</MetadataToken>
              <Name>System.String Parallel.Test.Framework.Lib.DotNet.CustomStringLib::ReplaceParticularCharacter(System.String,System.String,System.String)</Name>
              <FileRef uid="7" />
              <SequencePoints>
                <SequencePoint vc="0" uspid="164" ordinal="0" offset="0" sl="68" sc="13" el="68" ec="63" bec="0" bev="0" fileid="7" />
              </SequencePoints>
              <BranchPoints />
              <MethodPoint xsi:type="SequencePoint" vc="0" uspid="164" ordinal="0" offset="0" sl="68" sc="13" el="68" ec="63" bec="0" bev="0" fileid="7" />
            </Method>
            <Method visited="false" cyclomaticComplexity="2" nPathComplexity="0" sequenceCoverage="0" branchCoverage="0" isConstructor="false" isStatic="true" isGetter="false" isSetter="false">
              <Summary numSequencePoints="8" visitedSequencePoints="0" numBranchPoints="1" visitedBranchPoints="0" sequenceCoverage="0" branchCoverage="0" maxCyclomaticComplexity="2" minCyclomaticComplexity="2" visitedClasses="0" numClasses="0" visitedMethods="0" numMethods="1" />
              <MetadataToken>100663327</MetadataToken>
              <Name>System.String Parallel.Test.Framework.Lib.DotNet.CustomStringLib::CreateMd5Hash(System.String)</Name>
              <FileRef uid="7" />
              <SequencePoints>
                <SequencePoint vc="0" uspid="165" ordinal="0" offset="0" sl="78" sc="13" el="78" ec="40" bec="0" bev="0" fileid="7" />
                <SequencePoint vc="0" uspid="166" ordinal="1" offset="5" sl="79" sc="13" el="79" ec="79" bec="0" bev="0" fileid="7" />
                <SequencePoint vc="0" uspid="167" ordinal="2" offset="21" sl="81" sc="13" el="81" ec="58" bec="0" bev="0" fileid="7" />
                <SequencePoint vc="0" uspid="168" ordinal="3" offset="27" sl="82" sc="32" el="82" ec="36" bec="0" bev="0" fileid="7" />
                <SequencePoint vc="0" uspid="169" ordinal="4" offset="32" sl="82" sc="22" el="82" ec="28" bec="0" bev="0" fileid="7" />
                <SequencePoint vc="0" uspid="170" ordinal="5" offset="36" sl="84" sc="17" el="84" ec="51" bec="0" bev="0" fileid="7" />
                <SequencePoint vc="0" uspid="171" ordinal="6" offset="59" sl="82" sc="29" el="82" ec="31" bec="0" bev="0" fileid="7" />
                <SequencePoint vc="0" uspid="172" ordinal="7" offset="65" sl="86" sc="13" el="86" ec="40" bec="0" bev="0" fileid="7" />
              </SequencePoints>
              <BranchPoints />
              <MethodPoint xsi:type="SequencePoint" vc="0" uspid="165" ordinal="0" offset="0" sl="78" sc="13" el="78" ec="40" bec="0" bev="0" fileid="7" />
            </Method>
            <Method visited="false" cyclomaticComplexity="5" nPathComplexity="4" sequenceCoverage="0" branchCoverage="0" isConstructor="false" isStatic="true" isGetter="false" isSetter="false">
              <Summary numSequencePoints="7" visitedSequencePoints="0" numBranchPoints="5" visitedBranchPoints="0" sequenceCoverage="0" branchCoverage="0" maxCyclomaticComplexity="5" minCyclomaticComplexity="5" visitedClasses="0" numClasses="0" visitedMethods="0" numMethods="1" />
              <MetadataToken>100663328</MetadataToken>
              <Name>System.String Parallel.Test.Framework.Lib.DotNet.CustomStringLib::ToSeoSlug(System.String)</Name>
              <FileRef uid="7" />
              <SequencePoints>
                <SequencePoint vc="0" uspid="175" ordinal="0" offset="0" sl="96" sc="13" el="96" ec="69" bec="0" bev="0" fileid="7" />
                <SequencePoint vc="0" uspid="176" ordinal="1" offset="17" sl="98" sc="13" el="98" ec="42" bec="0" bev="0" fileid="7" />
                <SequencePoint vc="0" uspid="177" ordinal="2" offset="28" sl="101" sc="13" el="101" ec="44" bec="0" bev="0" fileid="7" />
                <SequencePoint vc="0" uspid="178" ordinal="3" offset="38" sl="103" sc="13" el="103" ec="79" bec="0" bev="0" fileid="7" />
                <SequencePoint vc="0" uspid="179" ordinal="4" offset="61" sl="105" sc="13" el="105" ec="135" bec="2" bev="0" fileid="7" />
                <SequencePoint vc="0" uspid="180" ordinal="5" offset="84" sl="106" sc="13" el="106" ec="122" bec="2" bev="0" fileid="7" />
                <SequencePoint vc="0" uspid="181" ordinal="6" offset="106" sl="107" sc="13" el="107" ec="45" bec="0" bev="0" fileid="7" />
              </SequencePoints>
              <BranchPoints>
                <BranchPoint vc="0" uspid="182" ordinal="0" offset="72" sl="105" path="0" offsetend="74" fileid="7" />
                <BranchPoint vc="0" uspid="183" ordinal="1" offset="72" sl="105" path="1" offsetend="77" fileid="7" />
                <BranchPoint vc="0" uspid="184" ordinal="2" offset="95" sl="106" path="0" offsetend="97" fileid="7" />
                <BranchPoint vc="0" uspid="185" ordinal="3" offset="95" sl="106" path="1" offsetend="100" fileid="7" />
              </BranchPoints>
              <MethodPoint xsi:type="SequencePoint" vc="0" uspid="175" ordinal="0" offset="0" sl="96" sc="13" el="96" ec="69" bec="0" bev="0" fileid="7" />
            </Method>
          </Methods>
        </Class>
        <Class>
          <Summary numSequencePoints="38" visitedSequencePoints="0" numBranchPoints="87" visitedBranchPoints="0" sequenceCoverage="0" branchCoverage="0" maxCyclomaticComplexity="46" minCyclomaticComplexity="1" visitedClasses="0" numClasses="1" visitedMethods="0" numMethods="9" />
          <FullName>Parallel.Test.Framework.Lib.DotNet.DataHelpers</FullName>
          <Methods>
            <Method visited="false" cyclomaticComplexity="1" nPathComplexity="0" sequenceCoverage="0" branchCoverage="0" isConstructor="false" isStatic="false" isGetter="false" isSetter="false">
              <Summary numSequencePoints="2" visitedSequencePoints="0" numBranchPoints="1" visitedBranchPoints="0" sequenceCoverage="0" branchCoverage="0" maxCyclomaticComplexity="1" minCyclomaticComplexity="1" visitedClasses="0" numClasses="0" visitedMethods="0" numMethods="1" />
              <MetadataToken>100663329</MetadataToken>
              <Name>System.String Parallel.Test.Framework.Lib.DotNet.DataHelpers::GenerateMobileNumer(System.Int32)</Name>
              <FileRef uid="8" />
              <SequencePoints>
                <SequencePoint vc="0" uspid="186" ordinal="0" offset="0" sl="11" sc="13" el="11" ec="22" bec="0" bev="0" fileid="8" />
                <SequencePoint vc="0" uspid="187" ordinal="1" offset="5" sl="12" sc="17" el="12" ec="97" bec="0" bev="0" fileid="8" />
              </SequencePoints>
              <BranchPoints />
              <MethodPoint xsi:type="SequencePoint" vc="0" uspid="186" ordinal="0" offset="0" sl="11" sc="13" el="11" ec="22" bec="0" bev="0" fileid="8" />
            </Method>
            <Method visited="false" cyclomaticComplexity="1" nPathComplexity="0" sequenceCoverage="0" branchCoverage="0" isConstructor="false" isStatic="false" isGetter="false" isSetter="false">
              <Summary numSequencePoints="1" visitedSequencePoints="0" numBranchPoints="1" visitedBranchPoints="0" sequenceCoverage="0" branchCoverage="0" maxCyclomaticComplexity="1" minCyclomaticComplexity="1" visitedClasses="0" numClasses="0" visitedMethods="0" numMethods="1" />
              <MetadataToken>100663330</MetadataToken>
              <Name>System.Int32 Parallel.Test.Framework.Lib.DotNet.DataHelpers::GetRandomNumber(System.Int32,System.Int32)</Name>
              <FileRef uid="8" />
              <SequencePoints>
                <SequencePoint vc="0" uspid="188" ordinal="0" offset="0" sl="18" sc="13" el="18" ec="42" bec="0" bev="0" fileid="8" />
              </SequencePoints>
              <BranchPoints />
              <MethodPoint xsi:type="SequencePoint" vc="0" uspid="188" ordinal="0" offset="0" sl="18" sc="13" el="18" ec="42" bec="0" bev="0" fileid="8" />
            </Method>
            <Method visited="false" cyclomaticComplexity="1" nPathComplexity="0" sequenceCoverage="0" branchCoverage="0" isConstructor="false" isStatic="false" isGetter="false" isSetter="false">
              <Summary numSequencePoints="1" visitedSequencePoints="0" numBranchPoints="1" visitedBranchPoints="0" sequenceCoverage="0" branchCoverage="0" maxCyclomaticComplexity="1" minCyclomaticComplexity="1" visitedClasses="0" numClasses="0" visitedMethods="0" numMethods="1" />
              <MetadataToken>100663331</MetadataToken>
              <Name>System.String Parallel.Test.Framework.Lib.DotNet.DataHelpers::GenerateEmailAddress()</Name>
              <FileRef uid="8" />
              <SequencePoints>
                <SequencePoint vc="0" uspid="189" ordinal="0" offset="0" sl="22" sc="13" el="22" ec="117" bec="0" bev="0" fileid="8" />
              </SequencePoints>
              <BranchPoints />
              <MethodPoint xsi:type="SequencePoint" vc="0" uspid="189" ordinal="0" offset="0" sl="22" sc="13" el="22" ec="117" bec="0" bev="0" fileid="8" />
            </Method>
            <Method visited="false" cyclomaticComplexity="2" nPathComplexity="0" sequenceCoverage="0" branchCoverage="0" isConstructor="false" isStatic="false" isGetter="false" isSetter="false">
              <Summary numSequencePoints="1" visitedSequencePoints="0" numBranchPoints="1" visitedBranchPoints="0" sequenceCoverage="0" branchCoverage="0" maxCyclomaticComplexity="2" minCyclomaticComplexity="2" visitedClasses="0" numClasses="0" visitedMethods="0" numMethods="1" />
              <MetadataToken>100663332</MetadataToken>
              <Name>System.String Parallel.Test.Framework.Lib.DotNet.DataHelpers::GetRandomString(System.Int32)</Name>
              <FileRef uid="8" />
              <SequencePoints>
                <SequencePoint vc="0" uspid="190" ordinal="0" offset="0" sl="27" sc="13" el="28" ec="67" bec="0" bev="0" fileid="8" />
              </SequencePoints>
              <BranchPoints />
              <MethodPoint xsi:type="SequencePoint" vc="0" uspid="190" ordinal="0" offset="0" sl="27" sc="13" el="28" ec="67" bec="0" bev="0" fileid="8" />
            </Method>
            <Method visited="false" cyclomaticComplexity="20" nPathComplexity="4096" sequenceCoverage="0" branchCoverage="0" isConstructor="false" isStatic="false" isGetter="false" isSetter="false">
              <Summary numSequencePoints="10" visitedSequencePoints="0" numBranchPoints="25" visitedBranchPoints="0" sequenceCoverage="0" branchCoverage="0" maxCyclomaticComplexity="20" minCyclomaticComplexity="20" visitedClasses="0" numClasses="0" visitedMethods="0" numMethods="1" />
              <MetadataToken>100663333</MetadataToken>
              <Name>System.String Parallel.Test.Framework.Lib.DotNet.DataHelpers::GetState(System.String)</Name>
              <FileRef uid="8" />
              <SequencePoints>
                <SequencePoint vc="0" uspid="193" ordinal="0" offset="0" sl="34" sc="13" el="34" ec="27" bec="13" bev="0" fileid="8" />
                <SequencePoint vc="0" uspid="194" ordinal="1" offset="250" sl="37" sc="21" el="37" ec="46" bec="0" bev="0" fileid="8" />
                <SequencePoint vc="0" uspid="195" ordinal="2" offset="256" sl="39" sc="21" el="39" ec="39" bec="0" bev="0" fileid="8" />
                <SequencePoint vc="0" uspid="196" ordinal="3" offset="262" sl="41" sc="21" el="41" ec="59" bec="0" bev="0" fileid="8" />
                <SequencePoint vc="0" uspid="197" ordinal="4" offset="268" sl="43" sc="21" el="43" ec="48" bec="0" bev="0" fileid="8" />
                <SequencePoint vc="0" uspid="198" ordinal="5" offset="274" sl="45" sc="21" el="45" ec="46" bec="0" bev="0" fileid="8" />
                <SequencePoint vc="0" uspid="199" ordinal="6" offset="280" sl="47" sc="21" el="47" ec="41" bec="0" bev="0" fileid="8" />
                <SequencePoint vc="0" uspid="200" ordinal="7" offset="286" sl="49" sc="21" el="49" ec="49" bec="0" bev="0" fileid="8" />
                <SequencePoint vc="0" uspid="201" ordinal="8" offset="292" sl="51" sc="21" el="51" ec="39" bec="0" bev="0" fileid="8" />
                <SequencePoint vc="0" uspid="202" ordinal="9" offset="298" sl="53" sc="13" el="53" ec="25" bec="0" bev="0" fileid="8" />
              </SequencePoints>
              <BranchPoints>
                <BranchPoint vc="0" uspid="209" ordinal="6" offset="40" sl="34" path="0" offsetchain="45" offsetend="298" fileid="8" />
                <BranchPoint vc="0" uspid="210" ordinal="7" offset="40" sl="34" path="1" offsetend="235" fileid="8" />
                <BranchPoint vc="0" uspid="213" ordinal="10" offset="67" sl="34" path="0" offsetchain="69" offsetend="298" fileid="8" />
                <BranchPoint vc="0" uspid="214" ordinal="11" offset="67" sl="34" path="1" offsetend="175" fileid="8" />
                <BranchPoint vc="0" uspid="219" ordinal="16" offset="96" sl="34" path="0" offsetchain="98" offsetend="298" fileid="8" />
                <BranchPoint vc="0" uspid="220" ordinal="17" offset="96" sl="34" path="1" offsetend="160" fileid="8" />
                <BranchPoint vc="0" uspid="223" ordinal="20" offset="117" sl="34" path="0" offsetchain="119" offsetend="298" fileid="8" />
[...]
              <MetadataToken>100663392</MetadataToken>
              <Name>System.Void Parallel.Test.Framework.Base.Reports.ExtentManager/&lt;&gt;c::.ctor()</Name>
              <SequencePoints />
              <BranchPoints />
              <MethodPoint vc="1" uspid="584" ordinal="0" offset="0" />
            </Method>
            <Method visited="true" cyclomaticComplexity="1" nPathComplexity="0" sequenceCoverage="100" branchCoverage="100" isConstructor="false" isStatic="false" isGetter="false" isSetter="false">
              <Summary numSequencePoints="1" visitedSequencePoints="1" numBranchPoints="1" visitedBranchPoints="1" sequenceCoverage="100" branchCoverage="100" maxCyclomaticComplexity="1" minCyclomaticComplexity="1" visitedClasses="0" numClasses="0" visitedMethods="1" numMethods="1" />
              <MetadataToken>100663393</MetadataToken>
              <Name>AventStack.ExtentReports.ExtentReports Parallel.Test.Framework.Base.Reports.ExtentManager/&lt;&gt;c::&lt;.cctor&gt;b__1_0()</Name>
              <FileRef uid="17" />
              <SequencePoints>
                <SequencePoint vc="1" uspid="585" ordinal="0" offset="0" sl="12" sc="91" el="12" ec="110" bec="0" bev="0" fileid="17" />
              </SequencePoints>
              <BranchPoints />
              <MethodPoint xsi:type="SequencePoint" vc="1" uspid="585" ordinal="0" offset="0" sl="12" sc="91" el="12" ec="110" bec="0" bev="0" fileid="17" />
            </Method>
          </Methods>
        </Class>
        <Class>
          <Summary numSequencePoints="5" visitedSequencePoints="5" numBranchPoints="3" visitedBranchPoints="3" sequenceCoverage="100" branchCoverage="100" maxCyclomaticComplexity="1" minCyclomaticComplexity="1" visitedClasses="1" numClasses="1" visitedMethods="3" numMethods="3" />
          <FullName>Parallel.Test.Framework.Base.Reports.ExtentTestManager</FullName>
          <Methods>
            <Method visited="true" cyclomaticComplexity="1" nPathComplexity="0" sequenceCoverage="100" branchCoverage="100" isConstructor="false" isStatic="true" isGetter="false" isSetter="false">
              <Summary numSequencePoints="2" visitedSequencePoints="2" numBranchPoints="1" visitedBranchPoints="1" sequenceCoverage="100" branchCoverage="100" maxCyclomaticComplexity="1" minCyclomaticComplexity="1" visitedClasses="0" numClasses="0" visitedMethods="1" numMethods="1" />
              <MetadataToken>100663379</MetadataToken>
              <Name>AventStack.ExtentReports.ExtentTest Parallel.Test.Framework.Base.Reports.ExtentTestManager::CreateParentTest(System.String,System.String)</Name>
              <FileRef uid="19" />
              <SequencePoints>
                <SequencePoint vc="2" uspid="586" ordinal="0" offset="0" sl="18" sc="13" el="18" ec="84" bec="0" bev="0" fileid="19" />
                <SequencePoint vc="2" uspid="587" ordinal="1" offset="17" sl="19" sc="13" el="19" ec="32" bec="0" bev="0" fileid="19" />
              </SequencePoints>
              <BranchPoints />
              <MethodPoint xsi:type="SequencePoint" vc="2" uspid="586" ordinal="0" offset="0" sl="18" sc="13" el="18" ec="84" bec="0" bev="0" fileid="19" />
            </Method>
            <Method visited="true" cyclomaticComplexity="1" nPathComplexity="0" sequenceCoverage="100" branchCoverage="100" isConstructor="false" isStatic="true" isGetter="false" isSetter="false">
              <Summary numSequencePoints="2" visitedSequencePoints="2" numBranchPoints="1" visitedBranchPoints="1" sequenceCoverage="100" branchCoverage="100" maxCyclomaticComplexity="1" minCyclomaticComplexity="1" visitedClasses="0" numClasses="0" visitedMethods="1" numMethods="1" />
              <MetadataToken>100663380</MetadataToken>
              <Name>AventStack.ExtentReports.ExtentTest Parallel.Test.Framework.Base.Reports.ExtentTestManager::CreateTest(System.String,System.String)</Name>
              <FileRef uid="19" />
              <SequencePoints>
                <SequencePoint vc="4" uspid="588" ordinal="0" offset="0" sl="25" sc="13" el="25" ec="72" bec="0" bev="0" fileid="19" />
                <SequencePoint vc="4" uspid="589" ordinal="1" offset="17" sl="26" sc="13" el="26" ec="31" bec="0" bev="0" fileid="19" />
              </SequencePoints>
              <BranchPoints />
              <MethodPoint xsi:type="SequencePoint" vc="4" uspid="588" ordinal="0" offset="0" sl="25" sc="13" el="25" ec="72" bec="0" bev="0" fileid="19" />
            </Method>
            <Method visited="true" cyclomaticComplexity="1" nPathComplexity="0" sequenceCoverage="100" branchCoverage="100" isConstructor="false" isStatic="true" isGetter="false" isSetter="false">
              <Summary numSequencePoints="1" visitedSequencePoints="1" numBranchPoints="1" visitedBranchPoints="1" sequenceCoverage="100" branchCoverage="100" maxCyclomaticComplexity="1" minCyclomaticComplexity="1" visitedClasses="0" numClasses="0" visitedMethods="1" numMethods="1" />
              <MetadataToken>100663381</MetadataToken>
              <Name>AventStack.ExtentReports.ExtentTest Parallel.Test.Framework.Base.Reports.ExtentTestManager::GetTest()</Name>
              <FileRef uid="19" />
              <SequencePoints>
                <SequencePoint vc="5" uspid="590" ordinal="0" offset="0" sl="32" sc="13" el="32" ec="31" bec="0" bev="0" fileid="19" />
              </SequencePoints>
              <BranchPoints />
              <MethodPoint xsi:type="SequencePoint" vc="5" uspid="590" ordinal="0" offset="0" sl="32" sc="13" el="32" ec="31" bec="0" bev="0" fileid="19" />
            </Method>
            <Method visited="false" cyclomaticComplexity="1" nPathComplexity="0" sequenceCoverage="0" branchCoverage="0" isConstructor="true" isStatic="false" isGetter="false" isSetter="false">
              <Summary numSequencePoints="0" visitedSequencePoints="0" numBranchPoints="0" visitedBranchPoints="0" sequenceCoverage="0" branchCoverage="0" maxCyclomaticComplexity="1" minCyclomaticComplexity="1" visitedClasses="0" numClasses="0" visitedMethods="0" numMethods="0" />
              <MetadataToken>100663382</MetadataToken>
              <Name>System.Void Parallel.Test.Framework.Base.Reports.ExtentTestManager::.ctor()</Name>
              <SequencePoints />
              <BranchPoints />
              <MethodPoint vc="0" uspid="591" ordinal="0" offset="0" />
            </Method>
          </Methods>
        </Class>
        <Class>
          <Summary numSequencePoints="11" visitedSequencePoints="10" numBranchPoints="3" visitedBranchPoints="2" sequenceCoverage="90.91" branchCoverage="66.67" maxCyclomaticComplexity="2" minCyclomaticComplexity="2" visitedClasses="1" numClasses="1" visitedMethods="1" numMethods="1" />
          <FullName>Parallel.Test.Framework.Base.Reports.Report</FullName>
          <Methods>
            <Method visited="true" cyclomaticComplexity="2" nPathComplexity="2" sequenceCoverage="90.91" branchCoverage="66.67" isConstructor="false" isStatic="true" isGetter="false" isSetter="false">
              <Summary numSequencePoints="11" visitedSequencePoints="10" numBranchPoints="3" visitedBranchPoints="2" sequenceCoverage="90.91" branchCoverage="66.67" maxCyclomaticComplexity="2" minCyclomaticComplexity="2" visitedClasses="0" numClasses="0" visitedMethods="1" numMethods="1" />
              <MetadataToken>100663383</MetadataToken>
              <Name>System.String Parallel.Test.Framework.Base.Reports.Report::Capture(OpenQA.Selenium.IWebDriver,System.String)</Name>
              <FileRef uid="20" />
              <SequencePoints>
                <SequencePoint vc="1" uspid="592" ordinal="0" offset="0" sl="15" sc="13" el="15" ec="110" bec="0" bev="0" fileid="20" />
                <SequencePoint vc="1" uspid="593" ordinal="1" offset="21" sl="18" sc="13" el="18" ec="51" bec="2" bev="1" fileid="20" />
                <SequencePoint vc="0" uspid="594" ordinal="2" offset="29" sl="18" sc="52" el="18" ec="94" bec="0" bev="0" fileid="20" />
                <SequencePoint vc="1" uspid="595" ordinal="3" offset="36" sl="19" sc="13" el="19" ec="62" bec="0" bev="0" fileid="20" />
                <SequencePoint vc="1" uspid="596" ordinal="4" offset="43" sl="22" sc="13" el="22" ec="88" bec="0" bev="0" fileid="20" />
                <SequencePoint vc="1" uspid="597" ordinal="5" offset="71" sl="23" sc="13" el="23" ec="80" bec="0" bev="0" fileid="20" />
                <SequencePoint vc="1" uspid="598" ordinal="6" offset="96" sl="24" sc="13" el="24" ec="37" bec="0" bev="0" fileid="20" />
                <SequencePoint vc="1" uspid="599" ordinal="7" offset="108" sl="28" sc="13" el="28" ec="73" bec="0" bev="0" fileid="20" />
                <SequencePoint vc="1" uspid="600" ordinal="8" offset="119" sl="29" sc="13" el="29" ec="83" bec="0" bev="0" fileid="20" />
                <SequencePoint vc="1" uspid="601" ordinal="9" offset="131" sl="30" sc="13" el="30" ec="52" bec="0" bev="0" fileid="20" />
                <SequencePoint vc="1" uspid="602" ordinal="10" offset="142" sl="31" sc="13" el="31" ec="36" bec="0" bev="0" fileid="20" />
              </SequencePoints>
              <BranchPoints>
                <BranchPoint vc="0" uspid="603" ordinal="0" offset="27" sl="18" path="0" offsetend="29" fileid="20" />
                <BranchPoint vc="1" uspid="604" ordinal="1" offset="27" sl="18" path="1" offsetend="36" fileid="20" />
              </BranchPoints>
              <MethodPoint xsi:type="SequencePoint" vc="1" uspid="592" ordinal="0" offset="0" sl="15" sc="13" el="15" ec="110" bec="0" bev="0" fileid="20" />
            </Method>
          </Methods>
        </Class>
        <Class>
          <Summary numSequencePoints="0" visitedSequencePoints="0" numBranchPoints="0" visitedBranchPoints="0" sequenceCoverage="0" branchCoverage="0" maxCyclomaticComplexity="3" minCyclomaticComplexity="3" visitedClasses="0" numClasses="0" visitedMethods="0" numMethods="0" />
          <FullName>&lt;PrivateImplementationDetails&gt;</FullName>
          <Methods>
            <Method visited="false" cyclomaticComplexity="3" nPathComplexity="0" sequenceCoverage="0" branchCoverage="0" isConstructor="false" isStatic="true" isGetter="false" isSetter="false">
              <Summary numSequencePoints="0" visitedSequencePoints="0" numBranchPoints="0" visitedBranchPoints="0" sequenceCoverage="0" branchCoverage="0" maxCyclomaticComplexity="3" minCyclomaticComplexity="3" visitedClasses="0" numClasses="0" visitedMethods="0" numMethods="0" />
              <MetadataToken>100663384</MetadataToken>
              <Name>System.UInt32 &lt;PrivateImplementationDetails&gt;::ComputeStringHash(System.String)</Name>
              <SequencePoints />
              <BranchPoints />
              <MethodPoint vc="0" uspid="605" ordinal="0" offset="0" />
            </Method>
          </Methods>
        </Class>
      </Classes>
    </Module>
    <Module skippedDueTo="Filter" hash="58-2A-4C-0C-25-69-3C-E5-E8-8F-0E-35-DB-19-D0-78-0E-D1-10-FA">
      <ModulePath>C:\WINDOWS\Microsoft.Net\assembly\GAC_MSIL\System.Xml\v4.0_4.0.0.0__b77a5c561934e089\System.Xml.dll</ModulePath>
      <ModuleTime>2017-12-22T03:10:39.7166266Z</ModuleTime>
      <ModuleName>System.Xml</ModuleName>
      <Classes />
    </Module>
    <Module skippedDueTo="Filter" hash="65-1F-CE-25-01-81-F8-E3-40-81-34-92-4A-4D-63-20-9F-65-80-1A">
      <ModulePath>c:\Projects\Parallel.Test.Framework\Parallel.Test.FrameworkTests\bin\Release\WebDriver.dll</ModulePath>
      <ModuleTime>2018-04-05T06:19:02Z</ModuleTime>
      <ModuleName>WebDriver</ModuleName>
      <Classes />
    </Module>
    <Module skippedDueTo="Filter" hash="62-13-DF-BA-4D-76-38-3A-FE-E9-5E-D8-6C-07-CC-1D-A2-DE-73-52">
      <ModulePath>C:\WINDOWS\Microsoft.Net\assembly\GAC_MSIL\System.Configuration\v4.0_4.0.0.0__b03f5f7f11d50a3a\System.Configuration.dll</ModulePath>
      <ModuleTime>2017-09-29T13:43:06.6154445Z</ModuleTime>
      <ModuleName>System.Configuration</ModuleName>
      <Classes />
    </Module>
    <Module skippedDueTo="Filter" hash="10-59-9A-A7-6D-6E-29-57-52-A6-F4-07-E8-65-83-31-78-46-69-05">
      <ModulePath>C:\WINDOWS\Microsoft.Net\assembly\GAC_MSIL\System.Numerics\v4.0_4.0.0.0__b77a5c561934e089\System.Numerics.dll</ModulePath>
      <ModuleTime>2017-09-29T13:43:06.7092017Z</ModuleTime>
      <ModuleName>System.Numerics</ModuleName>
      <Classes />
    </Module>
    <Module skippedDueTo="Filter" hash="64-7D-F9-97-16-BD-82-9C-0C-75-48-42-B0-A7-55-86-5B-63-44-3C">
      <ModulePath>C:\WINDOWS\Microsoft.Net\assembly\GAC_MSIL\System.Runtime.Serialization\v4.0_4.0.0.0__b77a5c561934e089\System.Runtime.Serialization.dll</ModulePath>
      <ModuleTime>2017-12-22T03:10:38.2010062Z</ModuleTime>
      <ModuleName>System.Runtime.Serialization</ModuleName>
      <Classes />
    </Module>
    <Module skippedDueTo="Filter" hash="71-FB-12-BF-DB-C8-AA-89-1B-D9-08-3F-BE-F0-81-3D-A9-BF-6F-4C">
      <ModulePath>C:\WINDOWS\Microsoft.Net\assembly\GAC_64\System.Data\v4.0_4.0.0.0__b77a5c561934e089\System.Data.dll</ModulePath>
      <ModuleTime>2018-02-09T03:34:32.0706434Z</ModuleTime>
      <ModuleName>System.Data</ModuleName>
      <Classes />
    </Module>
    <Module skippedDueTo="Filter" hash="15-FC-47-10-FB-98-F0-CC-0F-DE-69-1C-99-74-AF-3C-C4-CB-90-03">
      <ModulePath>C:\WINDOWS\Microsoft.Net\assembly\GAC_MSIL\System.Drawing\v4.0_4.0.0.0__b03f5f7f11d50a3a\System.Drawing.dll</ModulePath>
      <ModuleTime>2017-09-29T13:43:09.7719468Z</ModuleTime>
      <ModuleName>System.Drawing</ModuleName>
      <Classes />
    </Module>
    <Module skippedDueTo="Filter" hash="12-11-EC-BE-E9-20-FD-12-D3-89-09-BA-D6-B2-17-D7-88-A0-95-6F">
      <ModulePath>c:\Projects\Parallel.Test.Framework\Parallel.Test.FrameworkTests\bin\Release\ExtentReports.dll</ModulePath>
      <ModuleTime>2018-04-02T08:20:16Z</ModuleTime>
      <ModuleName>ExtentReports</ModuleName>
      <Classes />
    </Module>
    <Module skippedDueTo="Filter" hash="3A-83-3E-B7-C6-BE-20-3F-16-79-9D-7B-7C-CD-8B-8C-9D-43-92-61">
      <ModulePath>c:\Projects\Parallel.Test.Framework\Parallel.Test.FrameworkTests\bin\Release\Newtonsoft.Json.dll</ModulePath>
      <ModuleTime>2018-03-24T04:44:14Z</ModuleTime>
      <ModuleName>Newtonsoft.Json</ModuleName>
      <Classes />
    </Module>
    <Module skippedDueTo="Filter" hash="00-E4-8B-23-28-1E-7A-F6-0F-D2-F5-0F-0B-97-50-BC-55-63-B2-9D">
      <ModulePath>C:\WINDOWS\Microsoft.Net\assembly\GAC_MSIL\System.Core\v4.0_4.0.0.0__b77a5c561934e089\System.Core.dll</ModulePath>
      <ModuleTime>2018-02-02T03:36:02.9502864Z</ModuleTime>
      <ModuleName>System.Core</ModuleName>
      <Classes />
    </Module>
    <Module skippedDueTo="Filter" hash="61-31-CF-F4-17-F6-61-6D-A8-4D-3A-91-17-A6-BC-E4-58-82-9C-26">
      <ModulePath>c:\Projects\Parallel.Test.Framework\Parallel.Test.FrameworkTests\bin\Release\RazorEngine.dll</ModulePath>
      <ModuleTime>2017-06-16T05:11:22Z</ModuleTime>
      <ModuleName>RazorEngine</ModuleName>
      <Classes />
    </Module>
    <Module skippedDueTo="Filter" hash="0A-90-55-F7-0E-2E-1B-2E-DC-23-01-F7-3B-A2-27-27-37-B1-8D-C5">
      <ModulePath>c:\Projects\Parallel.Test.Framework\Parallel.Test.FrameworkTests\bin\Release\MongoDB.Bson.dll</ModulePath>
      <ModuleTime>2017-12-12T02:32:14Z</ModuleTime>
      <ModuleName>MongoDB.Bson</ModuleName>
      <Classes />
    </Module>
    <Module skippedDueTo="Filter" hash="B1-A1-A0-16-85-CC-FD-27-9D-83-A7-61-C8-5C-9E-8A-91-FC-2F-61">
      <ModulePath>c:\Projects\Parallel.Test.Framework\Parallel.Test.FrameworkTests\bin\Release\System.Web.Razor.dll</ModulePath>
      <ModuleTime>2018-01-31T23:16:56Z</ModuleTime>
      <ModuleName>System.Web.Razor</ModuleName>
      <Classes />
    </Module>
    <Module skippedDueTo="Filter" hash="A6-5F-D2-A9-56-75-22-21-73-21-9B-89-E8-B8-52-A9-AF-80-F5-B4">
      <ModulePath>C:\WINDOWS\Microsoft.Net\assembly\GAC_MSIL\Microsoft.CSharp\v4.0_4.0.0.0__b03f5f7f11d50a3a\Microsoft.CSharp.dll</ModulePath>
      <ModuleTime>2017-09-29T13:43:08.2093248Z</ModuleTime>
      <ModuleName>Microsoft.CSharp</ModuleName>
      <Classes />
    </Module>
    <Module skippedDueTo="Filter" hash="">
      <ModulePath>CompiledRazorTemplates.Dynamic.RazorEngine_59dbacfb42614098ad36b2894bf2ee0d.dll</ModulePath>
      <ModuleTime>0001-01-01T00:00:00</ModuleTime>
      <ModuleName>CompiledRazorTemplates.Dynamic.RazorEngine_59dbacfb42614098ad36b2894bf2ee0d</ModuleName>
      <Classes />
    </Module>
    <Module skippedDueTo="Filter" hash="">
      <ModulePath>RefEmit_InMemoryManifestModule</ModulePath>
      <ModuleTime>0001-01-01T00:00:00</ModuleTime>
      <ModuleName>Anonymously Hosted DynamicMethods Assembly</ModuleName>
      <Classes />
    </Module>
    <Module skippedDueTo="Filter" hash="36-98-82-A2-74-7A-A1-C8-F5-FF-7A-64-F9-04-A9-55-9E-A6-52-B3">
      <ModulePath>C:\WINDOWS\Microsoft.Net\assembly\GAC_MSIL\System.Dynamic\v4.0_4.0.0.0__b03f5f7f11d50a3a\System.Dynamic.dll</ModulePath>
      <ModuleTime>2017-09-29T13:43:05.2247058Z</ModuleTime>
      <ModuleName>System.Dynamic</ModuleName>
      <Classes />
    </Module>
    <Module skippedDueTo="Filter" hash="">
      <ModulePath>CompiledRazorTemplates.Dynamic.RazorEngine_75b7d304064a4549a30b42d249aa3c16.dll</ModulePath>
      <ModuleTime>0001-01-01T00:00:00</ModuleTime>
      <ModuleName>CompiledRazorTemplates.Dynamic.RazorEngine_75b7d304064a4549a30b42d249aa3c16</ModuleName>
      <Classes />
    </Module>
    <Module skippedDueTo="Filter" hash="">
      <ModulePath>CompiledRazorTemplates.Dynamic.RazorEngine_f68d37e98a914fa1b54b09ba1778b380.dll</ModulePath>
      <ModuleTime>0001-01-01T00:00:00</ModuleTime>
      <ModuleName>CompiledRazorTemplates.Dynamic.RazorEngine_f68d37e98a914fa1b54b09ba1778b380</ModuleName>
      <Classes />
    </Module>
    <Module skippedDueTo="Filter" hash="">
      <ModulePath>CompiledRazorTemplates.Dynamic.RazorEngine_11e096cbd2dd4f6aa192131a83efd2ea.dll</ModulePath>
      <ModuleTime>0001-01-01T00:00:00</ModuleTime>
      <ModuleName>CompiledRazorTemplates.Dynamic.RazorEngine_11e096cbd2dd4f6aa192131a83efd2ea</ModuleName>
      <Classes />
    </Module>
    <Module skippedDueTo="Filter" hash="">
      <ModulePath>CompiledRazorTemplates.Dynamic.RazorEngine_ae308d4db54d4da08a7ca925539a4afa.dll</ModulePath>
      <ModuleTime>0001-01-01T00:00:00</ModuleTime>
      <ModuleName>CompiledRazorTemplates.Dynamic.RazorEngine_ae308d4db54d4da08a7ca925539a4afa</ModuleName>
      <Classes />
    </Module>
    <Module skippedDueTo="Filter" hash="">
      <ModulePath>CompiledRazorTemplates.Dynamic.RazorEngine_517ecb430a694808b0fa5572d283191e.dll</ModulePath>
      <ModuleTime>0001-01-01T00:00:00</ModuleTime>
      <ModuleName>CompiledRazorTemplates.Dynamic.RazorEngine_517ecb430a694808b0fa5572d283191e</ModuleName>
      <Classes />
    </Module>
    <Module skippedDueTo="Filter" hash="">
      <ModulePath>CompiledRazorTemplates.Dynamic.RazorEngine_69db821ce9694b6a86eff6e6febf44e4.dll</ModulePath>
      <ModuleTime>0001-01-01T00:00:00</ModuleTime>
      <ModuleName>CompiledRazorTemplates.Dynamic.RazorEngine_69db821ce9694b6a86eff6e6febf44e4</ModuleName>
      <Classes />
    </Module>
    <Module skippedDueTo="Filter" hash="">
      <ModulePath>CompiledRazorTemplates.Dynamic.RazorEngine_285d393b4b544cd19802821a02002858.dll</ModulePath>
      <ModuleTime>0001-01-01T00:00:00</ModuleTime>
      <ModuleName>CompiledRazorTemplates.Dynamic.RazorEngine_285d393b4b544cd19802821a02002858</ModuleName>
      <Classes />
    </Module>
    <Module skippedDueTo="Filter" hash="">
      <ModulePath>CompiledRazorTemplates.Dynamic.RazorEngine_5c4878f4ecda44c6b32b21297603aa03.dll</ModulePath>
      <ModuleTime>0001-01-01T00:00:00</ModuleTime>
      <ModuleName>CompiledRazorTemplates.Dynamic.RazorEngine_5c4878f4ecda44c6b32b21297603aa03</ModuleName>
      <Classes />
    </Module>
  </Modules>
</CoverageSession>